Start: 2015-06-22_00-09-07 
  Size AUC
1    0  NA
elapsed 
 26.159 
: 0, 'silent': False, 'model_file': '/Users/ef/Dropbox/westnile2015/final_code/west-niles-virus-r/../data/output-py/gbc_01/gbc_01_k_0_tr.csv.pkl', 'bootstrap_seed': None, 'test_data_file': '/Users/ef/Dropbox/westnile2015/final_code/west-niles-virus-r/../data/output-py/gbc_01/gbc_01_k_0_test.csv', 'train_filter': {}, 'test_metric': 'auc', 'test_pred_file': '/Users/ef/Dropbox/westnile2015/final_code/west-niles-virus-r/../data/output-py/gbc_01/gbc_01_k_0_test_pred.csv', 'model_type': 'GradientBoostingClassifier', 'load_model': False, 'test_data_file2': None, 'load_type': 'fit_more', 'test_pred_file2': None, 'skip_mapping': True, 'fit_args': {'loss': 'deviance', 'verbose': 50, 'learning_rate': 0.0035, 'n_estimators': 1000, 'subsample': 1, 'random_state': 788942, 'max_features': 8, 'max_depth': 7}, 'metric_type': 'auto', 'weight_col': None, 'train_data_file': '/Users/ef/Dropbox/westnile2015/final_code/west-niles-virus-r/../data/output-py/gbc_01/gbc_01_k_0_tr.csv', 'na_fill_value': -20000}
Loading /Users/ef/Dropbox/westnile2015/final_code/west-niles-virus-r/../data/output-py/gbc_01/gbc_01_k_0_tr.csv raw file
Saving /Users/ef/Dropbox/westnile2015/final_code/west-niles-virus-r/../data/output-py/gbc_01/gbc_01_k_0_tr.csv.bin.pkl cache file
Train has 10191 instances (was 10191 before filtering)
      Iter       Train Loss   Remaining Time 
         1           0.4193           27.41s
         2           0.4180           23.71s
         3           0.4169           22.17s
         4           0.4158           21.17s
         5           0.4147           20.59s
         6           0.4135           20.43s
         7           0.4124           19.91s
         8           0.4113           19.61s
         9           0.4103           19.49s
        10           0.4092           19.65s
        11           0.4081           19.56s
        12           0.4071           19.56s
        13           0.4060           19.77s
        14           0.4051           19.65s
        15           0.4041           20.03s
        16           0.4032           20.33s
        17           0.4022           20.36s
        18           0.4013           20.39s
        19           0.4004           20.61s
        20           0.3994           20.72s
        21           0.3985           20.84s
        22           0.3976           21.18s
        23           0.3967           21.19s
        24           0.3958           21.21s
        25           0.3949           21.24s
        26           0.3939           21.24s
        27           0.3931           21.27s
        28           0.3923           21.44s
        29           0.3915           21.31s
        30           0.3907           21.19s
        31           0.3899           21.11s
        32           0.3891           21.05s
        33           0.3884           20.97s
        34           0.3876           20.91s
        35           0.3868           20.81s
        36           0.3861           20.73s
        37           0.3853           20.64s
        38           0.3846           20.60s
        39           0.3838           20.52s
        40           0.3832           20.46s
        41           0.3824           20.43s
        42           0.3816           20.37s
        43           0.3810           20.43s
        44           0.3803           20.37s
        45           0.3795           20.31s
        46           0.3788           20.20s
        47           0.3781           20.16s
        48           0.3774           20.09s
        49           0.3767           20.08s
        50           0.3760           20.02s
        51           0.3753           20.01s
        52           0.3746           19.96s
        53           0.3739           19.92s
        54           0.3733           19.87s
        55           0.3726           19.82s
        56           0.3720           19.77s
        57           0.3713           19.74s
        58           0.3706           19.74s
        59           0.3700           19.70s
        60           0.3694           19.74s
        61           0.3688           19.71s
        62           0.3682           19.67s
        63           0.3676           19.65s
        64           0.3670           19.64s
        65           0.3664           19.62s
        66           0.3658           19.59s
        67           0.3653           19.55s
        68           0.3647           19.54s
        69           0.3641           19.52s
        70           0.3635           19.49s
        71           0.3630           19.45s
        72           0.3624           19.43s
        73           0.3619           19.40s
        74           0.3613           19.39s
        75           0.3607           19.37s
        76           0.3602           19.37s
        77           0.3596           19.35s
        78           0.3591           19.31s
        79           0.3586           19.28s
        80           0.3580           19.29s
        81           0.3575           19.26s
        82           0.3570           19.22s
        83           0.3564           19.19s
        84           0.3559           19.16s
        85           0.3554           19.14s
        86           0.3549           19.12s
        87           0.3544           19.09s
        88           0.3539           19.08s
        89           0.3534           19.07s
        90           0.3528           19.06s
        91           0.3523           19.06s
        92           0.3518           19.03s
        93           0.3513           19.03s
        94           0.3508           19.01s
        95           0.3503           18.97s
        96           0.3498           18.97s
        97           0.3494           18.99s
        98           0.3489           19.03s
        99           0.3484           19.04s
       100           0.3479           19.05s
       101           0.3474           19.05s
       102           0.3470           19.14s
       103           0.3464           19.18s
       104           0.3460           19.19s
       105           0.3455           19.20s
       106           0.3451           19.25s
       107           0.3446           19.24s
       108           0.3442           19.25s
       109           0.3438           19.24s
       110           0.3433           19.21s
       111           0.3429           19.18s
       112           0.3424           19.17s
       113           0.3420           19.15s
       114           0.3416           19.12s
       115           0.3411           19.10s
       116           0.3407           19.07s
       117           0.3403           19.04s
       118           0.3399           19.01s
       119           0.3395           19.00s
       120           0.3391           18.98s
       121           0.3387           18.96s
       122           0.3383           18.95s
       123           0.3378           18.93s
       124           0.3373           18.91s
       125           0.3369           18.90s
       126           0.3365           18.88s
       127           0.3361           18.87s
       128           0.3358           18.85s
       129           0.3354           18.83s
       130           0.3350           18.80s
       131           0.3346           18.78s
       132           0.3342           18.75s
       133           0.3337           18.73s
       134           0.3333           18.71s
       135           0.3330           18.68s
       136           0.3326           18.67s
       137           0.3322           18.67s
       138           0.3319           18.68s
       139           0.3315           18.69s
       140           0.3311           18.72s
       141           0.3308           18.71s
       142           0.3304           18.71s
       143           0.3301           18.71s
       144           0.3297           18.70s
       145           0.3293           18.71s
       146           0.3289           18.72s
       147           0.3286           18.71s
       148           0.3282           18.71s
       149           0.3278           18.71s
       150           0.3274           18.69s
       151           0.3271           18.66s
       152           0.3268           18.63s
       153           0.3265           18.61s
       154           0.3261           18.58s
       155           0.3257           18.55s
       156           0.3254           18.52s
       157           0.3251           18.50s
       158           0.3247           18.47s
       159           0.3244           18.45s
       160           0.3241           18.43s
       161           0.3237           18.43s
       162           0.3234           18.40s
       163           0.3231           18.39s
       164           0.3227           18.37s
       165           0.3224           18.35s
       166           0.3221           18.33s
       167           0.3217           18.30s
       168           0.3214           18.28s
       169           0.3211           18.27s
       170           0.3208           18.25s
       171           0.3205           18.23s
       172           0.3202           18.22s
       173           0.3198           18.19s
       174           0.3195           18.18s
       175           0.3191           18.15s
       176           0.3188           18.15s
       177           0.3185           18.17s
       178           0.3182           18.14s
       179           0.3179           18.12s
       180           0.3176           18.13s
       181           0.3173           18.13s
       182           0.3170           18.11s
       183           0.3167           18.12s
       184           0.3164           18.12s
       185           0.3161           18.10s
       186           0.3158           18.07s
       187           0.3155           18.05s
       188           0.3152           18.02s
       189           0.3149           18.01s
       190           0.3146           17.98s
       191           0.3143           17.95s
       192           0.3140           17.93s
       193           0.3137           17.91s
       194           0.3134           17.89s
       195           0.3132           17.87s
       196           0.3129           17.85s
       197           0.3126           17.84s
       198           0.3123           17.83s
       199           0.3120           17.83s
       200           0.3117           17.82s
       201           0.3115           17.80s
       202           0.3112           17.77s
       203           0.3109           17.75s
       204           0.3106           17.74s
       205           0.3104           17.72s
       206           0.3101           17.69s
       207           0.3098           17.68s
       208           0.3095           17.65s
       209           0.3092           17.63s
       210           0.3090           17.63s
       211           0.3087           17.62s
       212           0.3084           17.61s
       213           0.3082           17.59s
       214           0.3079           17.59s
       215           0.3076           17.57s
       216           0.3074           17.59s
       217           0.3071           17.58s
       218           0.3068           17.56s
       219           0.3066           17.55s
       220           0.3063           17.52s
       221           0.3061           17.50s
       222           0.3058           17.48s
       223           0.3055           17.45s
       224           0.3053           17.43s
       225           0.3050           17.42s
       226           0.3048           17.39s
       227           0.3045           17.38s
       228           0.3042           17.35s
       229           0.3040           17.33s
       230           0.3038           17.31s
       231           0.3035           17.29s
       232           0.3032           17.27s
       233           0.3030           17.25s
       234           0.3028           17.22s
       235           0.3025           17.21s
       236           0.3023           17.18s
       237           0.3020           17.17s
       238           0.3018           17.14s
       239           0.3016           17.12s
       240           0.3013           17.10s
       241           0.3010           17.09s
       242           0.3008           17.06s
       243           0.3006           17.04s
       244           0.3003           17.02s
       245           0.3001           17.00s
       246           0.2999           16.98s
       247           0.2996           16.96s
       248           0.2994           16.94s
       249           0.2992           16.94s
       250           0.2989           16.93s
       251           0.2987           16.91s
       252           0.2985           16.90s
       253           0.2983           16.89s
       254           0.2980           16.88s
       255           0.2978           16.88s
       256           0.2976           16.87s
       257           0.2974           16.86s
       258           0.2972           16.84s
       259           0.2969           16.82s
       260           0.2967           16.80s
       261           0.2965           16.78s
       262           0.2962           16.76s
       263           0.2960           16.74s
       264           0.2957           16.71s
       265           0.2955           16.69s
       266           0.2953           16.66s
       267           0.2951           16.63s
       268           0.2949           16.61s
       269           0.2946           16.59s
       270           0.2944           16.57s
       271           0.2942           16.55s
       272           0.2940           16.53s
       273           0.2938           16.50s
       274           0.2935           16.48s
       275           0.2933           16.46s
       276           0.2931           16.44s
       277           0.2929           16.41s
       278           0.2927           16.38s
       279           0.2925           16.36s
       280           0.2923           16.34s
       281           0.2921           16.31s
       282           0.2919           16.29s
       283           0.2917           16.27s
       284           0.2915           16.25s
       285           0.2912           16.23s
       286           0.2910           16.21s
       287           0.2908           16.19s
       288           0.2906           16.17s
       289           0.2904           16.14s
       290           0.2902           16.14s
       291           0.2900           16.12s
       292           0.2898           16.10s
       293           0.2896           16.08s
       294           0.2894           16.05s
       295           0.2892           16.04s
       296           0.2890           16.01s
       297           0.2888           15.99s
       298           0.2886           15.97s
       299           0.2884           15.95s
       300           0.2882           15.93s
       301           0.2880           15.90s
       302           0.2878           15.89s
       303           0.2876           15.87s
       304           0.2874           15.85s
       305           0.2872           15.82s
       306           0.2870           15.79s
       307           0.2868           15.77s
       308           0.2867           15.75s
       309           0.2865           15.73s
       310           0.2863           15.71s
       311           0.2861           15.70s
       312           0.2859           15.67s
       313           0.2857           15.65s
       314           0.2855           15.63s
       315           0.2853           15.61s
       316           0.2851           15.58s
       317           0.2850           15.56s
       318           0.2848           15.53s
       319           0.2846           15.52s
       320           0.2844           15.51s
       321           0.2842           15.51s
       322           0.2841           15.48s
       323           0.2839           15.46s
       324           0.2837           15.44s
       325           0.2835           15.42s
       326           0.2833           15.40s
       327           0.2832           15.38s
       328           0.2830           15.36s
       329           0.2828           15.34s
       330           0.2826           15.32s
       331           0.2824           15.30s
       332           0.2823           15.28s
       333           0.2821           15.26s
       334           0.2819           15.24s
       335           0.2817           15.23s
       336           0.2815           15.21s
       337           0.2813           15.19s
       338           0.2811           15.17s
       339           0.2810           15.16s
       340           0.2808           15.14s
       341           0.2806           15.11s
       342           0.2805           15.10s
       343           0.2803           15.08s
       344           0.2801           15.06s
       345           0.2799           15.05s
       346           0.2798           15.03s
       347           0.2796           15.01s
       348           0.2794           14.99s
       349           0.2792           14.97s
       350           0.2791           14.96s
       351           0.2789           14.94s
       352           0.2787           14.92s
       353           0.2786           14.89s
       354           0.2784           14.88s
       355           0.2782           14.86s
       356           0.2781           14.84s
       357           0.2779           14.82s
       358           0.2777           14.80s
       359           0.2776           14.78s
       360           0.2774           14.76s
       361           0.2772           14.74s
       362           0.2771           14.72s
       363           0.2769           14.69s
       364           0.2767           14.67s
       365           0.2765           14.65s
       366           0.2763           14.64s
       367           0.2762           14.62s
       368           0.2760           14.60s
       369           0.2759           14.58s
       370           0.2757           14.55s
       371           0.2756           14.54s
       372           0.2754           14.51s
       373           0.2752           14.49s
       374           0.2751           14.47s
       375           0.2749           14.45s
       376           0.2747           14.43s
       377           0.2746           14.41s
       378           0.2744           14.39s
       379           0.2743           14.37s
       380           0.2741           14.34s
       381           0.2739           14.32s
       382           0.2738           14.30s
       383           0.2736           14.28s
       384           0.2735           14.25s
       385           0.2734           14.23s
       386           0.2732           14.21s
       387           0.2730           14.19s
       388           0.2728           14.17s
       389           0.2727           14.15s
       390           0.2725           14.13s
       391           0.2724           14.11s
       392           0.2722           14.09s
       393           0.2720           14.07s
       394           0.2719           14.05s
       395           0.2717           14.03s
       396           0.2716           14.01s
       397           0.2714           13.99s
       398           0.2713           13.97s
       399           0.2711           13.95s
       400           0.2710           13.92s
       401           0.2708           13.91s
       402           0.2707           13.88s
       403           0.2705           13.86s
       404           0.2704           13.83s
       405           0.2702           13.81s
       406           0.2701           13.79s
       407           0.2699           13.77s
       408           0.2698           13.74s
       409           0.2696           13.72s
       410           0.2695           13.70s
       411           0.2693           13.68s
       412           0.2692           13.65s
       413           0.2691           13.63s
       414           0.2689           13.61s
       415           0.2688           13.58s
       416           0.2686           13.56s
       417           0.2685           13.53s
       418           0.2683           13.53s
       419           0.2682           13.51s
       420           0.2680           13.49s
       421           0.2679           13.47s
       422           0.2678           13.44s
       423           0.2676           13.42s
       424           0.2675           13.40s
       425           0.2673           13.38s
       426           0.2672           13.35s
       427           0.2670           13.33s
       428           0.2669           13.31s
       429           0.2668           13.28s
       430           0.2666           13.26s
       431           0.2665           13.24s
       432           0.2663           13.21s
       433           0.2662           13.19s
       434           0.2661           13.16s
       435           0.2659           13.14s
       436           0.2658           13.12s
       437           0.2657           13.10s
       438           0.2655           13.08s
       439           0.2654           13.05s
       440           0.2652           13.03s
       441           0.2651           13.01s
       442           0.2649           12.99s
       443           0.2648           12.96s
       444           0.2647           12.94s
       445           0.2646           12.92s
       446           0.2644           12.90s
       447           0.2643           12.87s
       448           0.2642           12.85s
       449           0.2641           12.83s
       450           0.2639           12.81s
       451           0.2638           12.78s
       452           0.2637           12.76s
       453           0.2636           12.74s
       454           0.2634           12.72s
       455           0.2633           12.70s
       456           0.2631           12.68s
       457           0.2630           12.66s
       458           0.2629           12.64s
       459           0.2627           12.62s
       460           0.2626           12.60s
       461           0.2625           12.59s
       462           0.2624           12.57s
       463           0.2623           12.55s
       464           0.2621           12.53s
       465           0.2620           12.51s
       466           0.2619           12.48s
       467           0.2618           12.46s
       468           0.2616           12.44s
       469           0.2615           12.41s
       470           0.2614           12.39s
       471           0.2613           12.37s
       472           0.2611           12.35s
       473           0.2610           12.33s
       474           0.2609           12.31s
       475           0.2607           12.28s
       476           0.2606           12.26s
       477           0.2605           12.24s
       478           0.2603           12.22s
       479           0.2602           12.19s
       480           0.2601           12.17s
       481           0.2600           12.15s
       482           0.2598           12.12s
       483           0.2597           12.10s
       484           0.2596           12.08s
       485           0.2595           12.06s
       486           0.2593           12.03s
       487           0.2592           12.01s
       488           0.2591           11.99s
       489           0.2589           11.97s
       490           0.2588           11.94s
       491           0.2587           11.92s
       492           0.2586           11.90s
       493           0.2585           11.88s
       494           0.2584           11.86s
       495           0.2582           11.84s
       496           0.2581           11.82s
       497           0.2580           11.80s
       498           0.2579           11.78s
       499           0.2577           11.76s
       500           0.2576           11.73s
       501           0.2575           11.71s
       502           0.2574           11.69s
       503           0.2573           11.66s
       504           0.2572           11.64s
       505           0.2571           11.62s
       506           0.2569           11.60s
       507           0.2568           11.58s
       508           0.2567           11.55s
       509           0.2566           11.53s
       510           0.2565           11.51s
       511           0.2564           11.49s
       512           0.2563           11.47s
       513           0.2562           11.44s
       514           0.2561           11.42s
       515           0.2559           11.40s
       516           0.2558           11.38s
       517           0.2556           11.36s
       518           0.2555           11.33s
       519           0.2554           11.31s
       520           0.2553           11.28s
       521           0.2552           11.26s
       522           0.2551           11.24s
       523           0.2550           11.22s
       524           0.2549           11.19s
       525           0.2548           11.17s
       526           0.2547           11.15s
       527           0.2546           11.14s
       528           0.2545           11.12s
       529           0.2543           11.10s
       530           0.2542           11.08s
       531           0.2541           11.06s
       532           0.2540           11.04s
       533           0.2539           11.02s
       534           0.2538           11.00s
       535           0.2537           10.98s
       536           0.2536           10.96s
       537           0.2535           10.94s
       538           0.2533           10.91s
       539           0.2532           10.89s
       540           0.2531           10.87s
       541           0.2530           10.84s
       542           0.2528           10.82s
       543           0.2527           10.80s
       544           0.2526           10.78s
       545           0.2525           10.76s
       546           0.2524           10.73s
       547           0.2523           10.71s
       548           0.2522           10.69s
       549           0.2521           10.67s
       550           0.2520           10.64s
       551           0.2519           10.62s
       552           0.2517           10.59s
       553           0.2517           10.57s
       554           0.2516           10.54s
       555           0.2515           10.52s
       556           0.2514           10.49s
       557           0.2512           10.47s
       558           0.2511           10.45s
       559           0.2510           10.43s
       560           0.2509           10.40s
       561           0.2508           10.38s
       562           0.2507           10.36s
       563           0.2506           10.33s
       564           0.2505           10.31s
       565           0.2504           10.29s
       566           0.2502           10.27s
       567           0.2501           10.25s
       568           0.2500           10.23s
       569           0.2499           10.21s
       570           0.2498           10.19s
       571           0.2497           10.17s
       572           0.2496           10.15s
       573           0.2495           10.12s
       574           0.2494           10.10s
       575           0.2493           10.08s
       576           0.2492           10.06s
       577           0.2491           10.03s
       578           0.2490           10.01s
       579           0.2489            9.98s
       580           0.2488            9.96s
       581           0.2487            9.94s
       582           0.2485            9.91s
       583           0.2485            9.89s
       584           0.2484            9.87s
       585           0.2483            9.84s
       586           0.2482            9.82s
       587           0.2481            9.79s
       588           0.2480            9.77s
       589           0.2479            9.75s
       590           0.2478            9.72s
       591           0.2477            9.70s
       592           0.2476            9.68s
       593           0.2475            9.65s
       594           0.2474            9.63s
       595           0.2473            9.61s
       596           0.2472            9.58s
       597           0.2471            9.56s
       598           0.2470            9.54s
       599           0.2469            9.51s
       600           0.2468            9.49s
       601           0.2467            9.47s
       602           0.2466            9.45s
       603           0.2465            9.43s
       604           0.2464            9.40s
       605           0.2463            9.38s
       606           0.2462            9.36s
       607           0.2461            9.33s
       608           0.2460            9.31s
       609           0.2459            9.29s
       610           0.2458            9.26s
       611           0.2457            9.24s
       612           0.2456            9.22s
       613           0.2455            9.19s
       614           0.2454            9.17s
       615           0.2453            9.14s
       616           0.2453            9.12s
       617           0.2452            9.10s
       618           0.2451            9.07s
       619           0.2450            9.05s
       620           0.2449            9.02s
       621           0.2448            9.00s
       622           0.2447            8.98s
       623           0.2446            8.96s
       624           0.2445            8.93s
       625           0.2444            8.91s
       626           0.2443            8.89s
       627           0.2442            8.86s
       628           0.2441            8.84s
       629           0.2440            8.82s
       630           0.2439            8.79s
       631           0.2439            8.77s
       632           0.2438            8.75s
       633           0.2437            8.73s
       634           0.2436            8.70s
       635           0.2435            8.68s
       636           0.2434            8.65s
       637           0.2433            8.63s
       638           0.2433            8.61s
       639           0.2432            8.59s
       640           0.2431            8.56s
       641           0.2430            8.54s
       642           0.2429            8.52s
       643           0.2428            8.49s
       644           0.2427            8.47s
       645           0.2426            8.45s
       646           0.2425            8.42s
       647           0.2425            8.40s
       648           0.2424            8.37s
       649           0.2423            8.35s
       650           0.2422            8.33s
       651           0.2421            8.30s
       652           0.2420            8.28s
       653           0.2419            8.26s
       654           0.2418            8.23s
       655           0.2417            8.21s
       656           0.2416            8.19s
       657           0.2415            8.16s
       658           0.2414            8.14s
       659           0.2414            8.12s
       660           0.2413            8.09s
       661           0.2412            8.07s
       662           0.2411            8.05s
       663           0.2410            8.02s
       664           0.2409            8.00s
       665           0.2408            7.98s
       666           0.2408            7.95s
       667           0.2407            7.93s
       668           0.2406            7.91s
       669           0.2405            7.89s
       670           0.2404            7.87s
       671           0.2403            7.84s
       672           0.2402            7.82s
       673           0.2401            7.80s
       674           0.2401            7.77s
       675           0.2400            7.75s
       676           0.2399            7.72s
       677           0.2398            7.70s
       678           0.2397            7.68s
       679           0.2396            7.65s
       680           0.2395            7.63s
       681           0.2395            7.61s
       682           0.2394            7.58s
       683           0.2393            7.56s
       684           0.2392            7.54s
       685           0.2392            7.51s
       686           0.2391            7.49s
       687           0.2390            7.46s
       688           0.2389            7.44s
       689           0.2388            7.41s
       690           0.2387            7.39s
       691           0.2387            7.37s
       692           0.2385            7.34s
       693           0.2385            7.32s
       694           0.2384            7.30s
       695           0.2383            7.27s
       696           0.2383            7.25s
       697           0.2382            7.22s
       698           0.2381            7.20s
       699           0.2380            7.18s
       700           0.2379            7.16s
       701           0.2378            7.14s
       702           0.2377            7.11s
       703           0.2376            7.09s
       704           0.2375            7.07s
       705           0.2375            7.05s
       706           0.2374            7.03s
       707           0.2373            7.01s
       708           0.2372            6.99s
       709           0.2371            6.97s
       710           0.2370            6.94s
       711           0.2369            6.92s
       712           0.2368            6.90s
       713           0.2368            6.87s
       714           0.2367            6.85s
       715           0.2366            6.82s
       716           0.2365            6.80s
       717           0.2364            6.78s
       718           0.2363            6.75s
       719           0.2363            6.73s
       720           0.2362            6.71s
       721           0.2361            6.68s
       722           0.2361            6.66s
       723           0.2360            6.63s
       724           0.2359            6.61s
       725           0.2358            6.58s
       726           0.2357            6.56s
       727           0.2357            6.54s
       728           0.2356            6.51s
       729           0.2355            6.49s
       730           0.2354            6.47s
       731           0.2354            6.44s
       732           0.2353            6.42s
       733           0.2352            6.40s
       734           0.2351            6.37s
       735           0.2351            6.35s
       736           0.2350            6.32s
       737           0.2349            6.30s
       738           0.2348            6.28s
       739           0.2348            6.25s
       740           0.2347            6.23s
       741           0.2346            6.21s
       742           0.2346            6.19s
       743           0.2345            6.16s
       744           0.2344            6.14s
       745           0.2344            6.12s
       746           0.2343            6.09s
       747           0.2343            6.07s
       748           0.2342            6.04s
       749           0.2341            6.02s
       750           0.2340            6.00s
       751           0.2339            5.97s
       752           0.2339            5.95s
       753           0.2338            5.92s
       754           0.2337            5.90s
       755           0.2336            5.87s
       756           0.2335            5.85s
       757           0.2335            5.82s
       758           0.2334            5.80s
       759           0.2333            5.78s
       760           0.2332            5.75s
       761           0.2332            5.73s
       762           0.2331            5.70s
       763           0.2330            5.68s
       764           0.2329            5.66s
       765           0.2329            5.63s
       766           0.2328            5.61s
       767           0.2327            5.58s
       768           0.2327            5.56s
       769           0.2326            5.54s
       770           0.2325            5.52s
       771           0.2325            5.50s
       772           0.2324            5.48s
       773           0.2323            5.46s
       774           0.2323            5.44s
       775           0.2322            5.42s
       776           0.2321            5.39s
       777           0.2320            5.37s
       778           0.2320            5.34s
       779           0.2319            5.32s
       780           0.2318            5.29s
       781           0.2317            5.27s
       782           0.2316            5.25s
       783           0.2316            5.22s
       784           0.2315            5.20s
       785           0.2314            5.17s
       786           0.2314            5.15s
       787           0.2313            5.13s
       788           0.2312            5.10s
       789           0.2312            5.08s
       790           0.2311            5.05s
       791           0.2310            5.03s
       792           0.2309            5.01s
       793           0.2309            4.98s
       794           0.2308            4.96s
       795           0.2307            4.93s
       796           0.2307            4.91s
       797           0.2306            4.89s
       798           0.2305            4.86s
       799           0.2304            4.84s
       800           0.2304            4.81s
       801           0.2303            4.79s
       802           0.2302            4.76s
       803           0.2302            4.74s
       804           0.2301            4.72s
       805           0.2300            4.69s
       806           0.2300            4.67s
       807           0.2299            4.65s
       808           0.2298            4.62s
       809           0.2297            4.60s
       810           0.2297            4.57s
       811           0.2296            4.55s
       812           0.2295            4.53s
       813           0.2295            4.51s
       814           0.2294            4.48s
       815           0.2293            4.46s
       816           0.2293            4.44s
       817           0.2292            4.42s
       818           0.2291            4.39s
       819           0.2291            4.37s
       820           0.2290            4.34s
       821           0.2290            4.32s
       822           0.2289            4.30s
       823           0.2288            4.27s
       824           0.2288            4.25s
       825           0.2287            4.23s
       826           0.2286            4.20s
       827           0.2286            4.18s
       828           0.2285            4.15s
       829           0.2284            4.13s
       830           0.2284            4.11s
       831           0.2283            4.08s
       832           0.2282            4.06s
       833           0.2282            4.03s
       834           0.2282            4.01s
       835           0.2281            3.98s
       836           0.2280            3.96s
       837           0.2280            3.94s
       838           0.2279            3.91s
       839           0.2278            3.89s
       840           0.2278            3.86s
       841           0.2277            3.84s
       842           0.2276            3.81s
       843           0.2275            3.79s
       844           0.2275            3.76s
       845           0.2274            3.74s
       846           0.2274            3.72s
       847           0.2273            3.69s
       848           0.2273            3.67s
       849           0.2272            3.64s
       850           0.2271            3.62s
       851           0.2270            3.59s
       852           0.2270            3.57s
       853           0.2269            3.54s
       854           0.2269            3.52s
       855           0.2268            3.50s
       856           0.2267            3.47s
       857           0.2267            3.45s
       858           0.2266            3.42s
       859           0.2265            3.40s
       860           0.2265            3.37s
       861           0.2264            3.35s
       862           0.2263            3.33s
       863           0.2262            3.30s
       864           0.2262            3.28s
       865           0.2261            3.25s
       866           0.2261            3.23s
       867           0.2260            3.20s
       868           0.2260            3.18s
       869           0.2259            3.16s
       870           0.2258            3.13s
       871           0.2257            3.11s
       872           0.2257            3.08s
       873           0.2257            3.06s
       874           0.2256            3.03s
       875           0.2255            3.01s
       876           0.2255            2.98s
       877           0.2255            2.96s
       878           0.2254            2.93s
       879           0.2253            2.91s
       880           0.2252            2.89s
       881           0.2251            2.86s
       882           0.2251            2.84s
       883           0.2250            2.81s
       884           0.2250            2.79s
       885           0.2249            2.76s
       886           0.2248            2.74s
       887           0.2248            2.71s
       888           0.2247            2.69s
       889           0.2247            2.66s
       890           0.2247            2.64s
       891           0.2246            2.62s
       892           0.2245            2.59s
       893           0.2245            2.57s
       894           0.2244            2.54s
       895           0.2244            2.52s
       896           0.2243            2.49s
       897           0.2242            2.47s
       898           0.2242            2.45s
       899           0.2241            2.42s
       900           0.2241            2.40s
       901           0.2240            2.37s
       902           0.2240            2.35s
       903           0.2239            2.32s
       904           0.2239            2.30s
       905           0.2238            2.27s
       906           0.2238            2.25s
       907           0.2237            2.23s
       908           0.2237            2.20s
       909           0.2236            2.18s
       910           0.2235            2.15s
       911           0.2235            2.13s
       912           0.2234            2.11s
       913           0.2234            2.08s
       914           0.2233            2.06s
       915           0.2233            2.03s
       916           0.2232            2.01s
       917           0.2232            1.99s
       918           0.2231            1.96s
       919           0.2231            1.94s
       920           0.2231            1.91s
       921           0.2230            1.89s
       922           0.2229            1.86s
       923           0.2229            1.84s
       924           0.2228            1.82s
       925           0.2227            1.79s
       926           0.2227            1.77s
       927           0.2226            1.74s
       928           0.2226            1.72s
       929           0.2226            1.69s
       930           0.2225            1.67s
       931           0.2224            1.65s
       932           0.2224            1.62s
       933           0.2224            1.60s
       934           0.2223            1.57s
       935           0.2223            1.55s
       936           0.2222            1.52s
       937           0.2222            1.50s
       938           0.2221            1.48s
       939           0.2221            1.45s
       940           0.2220            1.43s
       941           0.2220            1.40s
       942           0.2219            1.38s
       943           0.2219            1.36s
       944           0.2218            1.33s
       945           0.2218            1.31s
       946           0.2217            1.28s
       947           0.2216            1.26s
       948           0.2216            1.24s
       949           0.2215            1.21s
       950           0.2215            1.19s
       951           0.2214            1.16s
       952           0.2214            1.14s
       953           0.2213            1.12s
       954           0.2213            1.09s
       955           0.2212            1.07s
       956           0.2211            1.04s
       957           0.2211            1.02s
       958           0.2210            1.00s
       959           0.2210            0.97s
       960           0.2209            0.95s
       961           0.2209            0.93s
       962           0.2208            0.90s
       963           0.2208            0.88s
       964           0.2208            0.85s
       965           0.2207            0.83s
       966           0.2206            0.81s
       967           0.2206            0.78s
       968           0.2205            0.76s
       969           0.2204            0.73s
       970           0.2204            0.71s
       971           0.2203            0.69s
       972           0.2203            0.66s
       973           0.2202            0.64s
       974           0.2202            0.62s
       975           0.2201            0.59s
       976           0.2200            0.57s
       977           0.2200            0.54s
       978           0.2200            0.52s
       979           0.2199            0.50s
       980           0.2198            0.47s
       981           0.2198            0.45s
       982           0.2197            0.43s
       983           0.2197            0.40s
       984           0.2196            0.38s
       985           0.2196            0.35s
       986           0.2195            0.33s
       987           0.2195            0.31s
       988           0.2195            0.28s
       989           0.2194            0.26s
       990           0.2194            0.24s
       991           0.2193            0.21s
       992           0.2193            0.19s
       993           0.2192            0.17s
       994           0.2191            0.14s
       995           0.2191            0.12s
       996           0.2190            0.09s
       997           0.2190            0.07s
       998           0.2189            0.05s
       999           0.2189            0.02s
      1000           0.2188            0.00s
Saving model /Users/ef/Dropbox/westnile2015/final_code/west-niles-virus-r/../data/output-py/gbc_01/gbc_01_k_0_tr.csv.pkl
Train time: 23 s
Predicting : /Users/ef/Dropbox/westnile2015/final_code/west-niles-virus-r/../data/output-py/gbc_01/gbc_01_k_0_test.csv to /Users/ef/Dropbox/westnile2015/final_code/west-niles-virus-r/../data/output-py/gbc_01/gbc_01_k_0_test_pred.csv
Loading /Users/ef/Dropbox/westnile2015/final_code/west-niles-virus-r/../data/output-py/gbc_01/gbc_01_k_0_test.csv raw file
Saving /Users/ef/Dropbox/westnile2015/final_code/west-niles-virus-r/../data/output-py/gbc_01/gbc_01_k_0_test.csv.bin.pkl cache file
Feature importances:
                Features  Importance
1              Longitude    0.111461
2                   Trap    0.109132
3               Latitude    0.096555
4            SpeciesTree    0.083095
5       TrapCountPrevAge    0.064339
6                  Block    0.060845
7              TrapCount    0.040777
8             SunriseSt1    0.038195
9              SunsetSt1    0.034568
10  PrecipTotalSt2Smth02    0.032563
11         TrapCountPrev    0.027419
12  PrecipTotalSt1Smth02    0.025707
13                  Year    0.023082
14         TminSt2Smth02    0.021538
15       AddressAccuracy    0.019734
16         TminSt1Smth02    0.018166
17     DewPointSt1Smth02    0.018021
18       DepartSt1Smth02    0.017620
19    ResultDirSt1Smth02    0.017546
20    ResultDirSt2Smth02    0.017417
21         CoolSt1Smth02    0.017331
22         HeatSt1Smth02    0.017067
23         TavgSt2Smth02    0.015620
24         TmaxSt2Smth02    0.015444
25                 Month    0.014271
26         TavgSt1Smth02    0.014223
27         TmaxSt1Smth02    0.014144
28     DewPointSt2Smth02    0.014118
29     SnowFallSt1Smth02    0.000000
Predict time: 1 s
Total time: 24 s
