Start: 2015-06-22_00-09-26 
  Size       AUC
1 2392 0.7835637
elapsed 
 16.953 
': False, 'model_file': '/Users/ef/Dropbox/westnile2015/final_code/west-niles-virus-r/../data/output-py/gbc_01/gbc_01_k_4_tr.csv.pkl', 'bootstrap_seed': None, 'test_data_file': '/Users/ef/Dropbox/westnile2015/final_code/west-niles-virus-r/../data/output-py/gbc_01/gbc_01_k_4_test.csv', 'train_filter': {}, 'test_metric': 'auc', 'test_pred_file': '/Users/ef/Dropbox/westnile2015/final_code/west-niles-virus-r/../data/output-py/gbc_01/gbc_01_k_4_test_pred.csv', 'model_type': 'GradientBoostingClassifier', 'load_model': False, 'test_data_file2': None, 'load_type': 'fit_more', 'test_pred_file2': None, 'skip_mapping': True, 'fit_args': {'loss': 'deviance', 'verbose': 50, 'learning_rate': 0.0035, 'n_estimators': 1000, 'subsample': 1, 'random_state': 788942, 'max_features': 8, 'max_depth': 7}, 'metric_type': 'auto', 'weight_col': None, 'train_data_file': '/Users/ef/Dropbox/westnile2015/final_code/west-niles-virus-r/../data/output-py/gbc_01/gbc_01_k_4_tr.csv', 'na_fill_value': -20000}
Loading /Users/ef/Dropbox/westnile2015/final_code/west-niles-virus-r/../data/output-py/gbc_01/gbc_01_k_4_tr.csv raw file
Saving /Users/ef/Dropbox/westnile2015/final_code/west-niles-virus-r/../data/output-py/gbc_01/gbc_01_k_4_tr.csv.bin.pkl cache file
Train has 7811 instances (was 7811 before filtering)
      Iter       Train Loss   Remaining Time 
         1           0.3341           28.59s
         2           0.3330           21.02s
         3           0.3317           18.94s
         4           0.3305           19.02s
         5           0.3294           18.73s
         6           0.3281           19.07s
         7           0.3271           19.05s
         8           0.3259           19.01s
         9           0.3247           19.29s
        10           0.3236           19.21s
        11           0.3224           19.69s
        12           0.3213           19.79s
        13           0.3203           20.39s
        14           0.3192           20.60s
        15           0.3182           20.54s
        16           0.3172           20.28s
        17           0.3163           20.11s
        18           0.3154           19.94s
        19           0.3145           19.74s
        20           0.3136           19.54s
        21           0.3128           19.40s
        22           0.3119           19.28s
        23           0.3110           19.06s
        24           0.3102           18.90s
        25           0.3093           18.79s
        26           0.3085           18.64s
        27           0.3078           18.53s
        28           0.3070           18.47s
        29           0.3062           18.44s
        30           0.3053           18.34s
        31           0.3046           18.25s
        32           0.3038           18.20s
        33           0.3030           18.14s
        34           0.3023           18.10s
        35           0.3015           18.02s
        36           0.3009           17.91s
        37           0.3002           17.87s
        38           0.2996           17.82s
        39           0.2989           17.75s
        40           0.2981           17.68s
        41           0.2976           17.56s
        42           0.2969           17.51s
        43           0.2962           17.43s
        44           0.2956           17.39s
        45           0.2949           17.32s
        46           0.2943           17.23s
        47           0.2936           17.21s
        48           0.2930           17.12s
        49           0.2924           17.07s
        50           0.2918           17.00s
        51           0.2912           16.98s
        52           0.2906           17.00s
        53           0.2900           16.91s
        54           0.2894           16.90s
        55           0.2887           16.88s
        56           0.2881           16.83s
        57           0.2876           16.76s
        58           0.2871           16.70s
        59           0.2866           16.64s
        60           0.2860           16.63s
        61           0.2854           16.63s
        62           0.2848           16.65s
        63           0.2843           16.65s
        64           0.2838           16.63s
        65           0.2832           16.62s
        66           0.2826           16.62s
        67           0.2821           16.66s
        68           0.2816           16.69s
        69           0.2811           16.74s
        70           0.2806           16.75s
        71           0.2800           16.82s
        72           0.2795           16.89s
        73           0.2791           16.82s
        74           0.2786           16.88s
        75           0.2781           16.87s
        76           0.2776           16.91s
        77           0.2772           16.89s
        78           0.2768           16.89s
        79           0.2763           16.84s
        80           0.2758           16.85s
        81           0.2753           16.92s
        82           0.2749           16.88s
        83           0.2744           16.82s
        84           0.2740           16.80s
        85           0.2735           16.78s
        86           0.2730           16.75s
        87           0.2726           16.68s
        88           0.2721           16.65s
        89           0.2716           16.62s
        90           0.2712           16.63s
        91           0.2708           16.58s
        92           0.2703           16.57s
        93           0.2699           16.52s
        94           0.2695           16.48s
        95           0.2691           16.44s
        96           0.2686           16.42s
        97           0.2682           16.38s
        98           0.2678           16.36s
        99           0.2674           16.33s
       100           0.2670           16.31s
       101           0.2666           16.26s
       102           0.2662           16.29s
       103           0.2657           16.29s
       104           0.2654           16.25s
       105           0.2650           16.23s
       106           0.2646           16.19s
       107           0.2642           16.14s
       108           0.2639           16.10s
       109           0.2635           16.07s
       110           0.2632           16.03s
       111           0.2628           15.99s
       112           0.2624           15.96s
       113           0.2621           15.93s
       114           0.2617           15.90s
       115           0.2613           15.89s
       116           0.2609           15.86s
       117           0.2606           15.84s
       118           0.2601           15.85s
       119           0.2598           15.83s
       120           0.2594           15.81s
       121           0.2591           15.79s
       122           0.2588           15.78s
       123           0.2584           15.76s
       124           0.2580           15.72s
       125           0.2576           15.71s
       126           0.2573           15.68s
       127           0.2569           15.65s
       128           0.2566           15.62s
       129           0.2563           15.61s
       130           0.2559           15.58s
       131           0.2555           15.57s
       132           0.2552           15.54s
       133           0.2549           15.52s
       134           0.2546           15.50s
       135           0.2542           15.47s
       136           0.2539           15.45s
       137           0.2536           15.41s
       138           0.2533           15.42s
       139           0.2529           15.42s
       140           0.2526           15.40s
       141           0.2523           15.37s
       142           0.2520           15.36s
       143           0.2517           15.34s
       144           0.2514           15.31s
       145           0.2511           15.30s
       146           0.2508           15.26s
       147           0.2505           15.23s
       148           0.2501           15.21s
       149           0.2498           15.19s
       150           0.2495           15.16s
       151           0.2492           15.13s
       152           0.2489           15.11s
       153           0.2486           15.09s
       154           0.2483           15.06s
       155           0.2480           15.04s
       156           0.2477           15.01s
       157           0.2475           14.98s
       158           0.2472           14.96s
       159           0.2469           14.93s
       160           0.2467           14.90s
       161           0.2464           14.86s
       162           0.2461           14.83s
       163           0.2458           14.81s
       164           0.2455           14.78s
       165           0.2453           14.75s
       166           0.2450           14.72s
       167           0.2447           14.69s
       168           0.2445           14.67s
       169           0.2442           14.64s
       170           0.2439           14.62s
       171           0.2436           14.60s
       172           0.2433           14.57s
       173           0.2430           14.54s
       174           0.2428           14.52s
       175           0.2425           14.50s
       176           0.2422           14.47s
       177           0.2419           14.44s
       178           0.2417           14.41s
       179           0.2414           14.38s
       180           0.2411           14.35s
       181           0.2409           14.33s
       182           0.2406           14.30s
       183           0.2404           14.27s
       184           0.2401           14.25s
       185           0.2399           14.22s
       186           0.2396           14.20s
       187           0.2394           14.19s
       188           0.2391           14.16s
       189           0.2389           14.14s
       190           0.2386           14.12s
       191           0.2384           14.10s
       192           0.2381           14.10s
       193           0.2379           14.08s
       194           0.2377           14.07s
       195           0.2375           14.06s
       196           0.2372           14.04s
       197           0.2370           14.01s
       198           0.2368           13.99s
       199           0.2365           13.97s
       200           0.2363           13.95s
       201           0.2361           13.93s
       202           0.2359           13.91s
       203           0.2356           13.88s
       204           0.2354           13.86s
       205           0.2352           13.83s
       206           0.2349           13.81s
       207           0.2347           13.80s
       208           0.2345           13.77s
       209           0.2343           13.76s
       210           0.2340           13.74s
       211           0.2338           13.71s
       212           0.2336           13.69s
       213           0.2333           13.66s
       214           0.2331           13.64s
       215           0.2328           13.62s
       216           0.2327           13.60s
       217           0.2324           13.58s
       218           0.2322           13.55s
       219           0.2320           13.53s
       220           0.2317           13.52s
       221           0.2315           13.49s
       222           0.2313           13.47s
       223           0.2310           13.45s
       224           0.2308           13.43s
       225           0.2307           13.40s
       226           0.2305           13.38s
       227           0.2302           13.36s
       228           0.2300           13.34s
       229           0.2298           13.31s
       230           0.2296           13.30s
       231           0.2293           13.28s
       232           0.2291           13.27s
       233           0.2290           13.24s
       234           0.2287           13.22s
       235           0.2285           13.20s
       236           0.2284           13.17s
       237           0.2282           13.15s
       238           0.2280           13.13s
       239           0.2278           13.11s
       240           0.2276           13.10s
       241           0.2274           13.07s
       242           0.2272           13.06s
       243           0.2270           13.03s
       244           0.2268           13.01s
       245           0.2266           12.98s
       246           0.2264           12.96s
       247           0.2262           12.94s
       248           0.2260           12.92s
       249           0.2258           12.89s
       250           0.2257           12.87s
       251           0.2255           12.85s
       252           0.2253           12.83s
       253           0.2251           12.80s
       254           0.2250           12.78s
       255           0.2248           12.76s
       256           0.2246           12.74s
       257           0.2244           12.73s
       258           0.2242           12.71s
       259           0.2240           12.69s
       260           0.2238           12.67s
       261           0.2237           12.65s
       262           0.2235           12.62s
       263           0.2233           12.60s
       264           0.2231           12.58s
       265           0.2229           12.55s
       266           0.2227           12.53s
       267           0.2226           12.50s
       268           0.2224           12.48s
       269           0.2222           12.46s
       270           0.2220           12.44s
       271           0.2218           12.42s
       272           0.2216           12.40s
       273           0.2214           12.37s
       274           0.2213           12.35s
       275           0.2211           12.33s
       276           0.2209           12.30s
       277           0.2208           12.28s
       278           0.2206           12.26s
       279           0.2204           12.24s
       280           0.2202           12.22s
       281           0.2200           12.20s
       282           0.2198           12.18s
       283           0.2197           12.16s
       284           0.2195           12.15s
       285           0.2193           12.13s
       286           0.2191           12.11s
       287           0.2189           12.09s
       288           0.2187           12.07s
       289           0.2186           12.06s
       290           0.2184           12.05s
       291           0.2182           12.02s
       292           0.2181           12.00s
       293           0.2179           11.99s
       294           0.2178           11.96s
       295           0.2176           11.94s
       296           0.2175           11.92s
       297           0.2173           11.93s
       298           0.2171           11.98s
       299           0.2170           11.99s
       300           0.2168           11.99s
       301           0.2166           11.99s
       302           0.2164           11.98s
       303           0.2162           11.96s
       304           0.2160           11.95s
       305           0.2159           11.93s
       306           0.2157           11.90s
       307           0.2156           11.88s
       308           0.2154           11.86s
       309           0.2153           11.84s
       310           0.2151           11.81s
       311           0.2149           11.79s
       312           0.2147           11.77s
       313           0.2145           11.75s
       314           0.2144           11.73s
       315           0.2142           11.71s
       316           0.2141           11.69s
       317           0.2139           11.67s
       318           0.2138           11.65s
       319           0.2136           11.63s
       320           0.2135           11.61s
       321           0.2133           11.59s
       322           0.2131           11.57s
       323           0.2130           11.55s
       324           0.2128           11.53s
       325           0.2127           11.51s
       326           0.2125           11.49s
       327           0.2124           11.47s
       328           0.2122           11.45s
       329           0.2121           11.44s
       330           0.2119           11.42s
       331           0.2118           11.40s
       332           0.2117           11.38s
       333           0.2115           11.36s
       334           0.2114           11.34s
       335           0.2113           11.32s
       336           0.2111           11.30s
       337           0.2110           11.28s
       338           0.2108           11.27s
       339           0.2106           11.25s
       340           0.2105           11.23s
       341           0.2104           11.21s
       342           0.2102           11.19s
       343           0.2101           11.17s
       344           0.2100           11.16s
       345           0.2098           11.14s
       346           0.2096           11.12s
       347           0.2095           11.10s
       348           0.2093           11.08s
       349           0.2092           11.06s
       350           0.2091           11.04s
       351           0.2090           11.02s
       352           0.2088           10.99s
       353           0.2087           10.97s
       354           0.2085           10.96s
       355           0.2084           10.94s
       356           0.2083           10.92s
       357           0.2081           10.90s
       358           0.2080           10.88s
       359           0.2079           10.86s
       360           0.2077           10.84s
       361           0.2076           10.82s
       362           0.2075           10.80s
       363           0.2074           10.78s
       364           0.2072           10.77s
       365           0.2071           10.75s
       366           0.2069           10.73s
       367           0.2068           10.71s
       368           0.2066           10.69s
       369           0.2065           10.67s
       370           0.2064           10.65s
       371           0.2063           10.63s
       372           0.2061           10.61s
       373           0.2060           10.59s
       374           0.2059           10.57s
       375           0.2057           10.55s
       376           0.2056           10.53s
       377           0.2055           10.51s
       378           0.2054           10.50s
       379           0.2053           10.48s
       380           0.2051           10.46s
       381           0.2050           10.44s
       382           0.2049           10.42s
       383           0.2047           10.41s
       384           0.2046           10.39s
       385           0.2045           10.37s
       386           0.2044           10.34s
       387           0.2043           10.32s
       388           0.2042           10.31s
       389           0.2041           10.29s
       390           0.2039           10.28s
       391           0.2038           10.26s
       392           0.2037           10.25s
       393           0.2036           10.23s
       394           0.2035           10.21s
       395           0.2034           10.19s
       396           0.2032           10.17s
       397           0.2031           10.15s
       398           0.2030           10.13s
       399           0.2029           10.11s
       400           0.2028           10.09s
       401           0.2026           10.08s
       402           0.2025           10.06s
       403           0.2024           10.03s
       404           0.2022           10.02s
       405           0.2021           10.00s
       406           0.2020            9.98s
       407           0.2018            9.96s
       408           0.2017            9.94s
       409           0.2016            9.92s
       410           0.2015            9.90s
       411           0.2013            9.88s
       412           0.2012            9.86s
       413           0.2010            9.84s
       414           0.2009            9.83s
       415           0.2008            9.81s
       416           0.2007            9.79s
       417           0.2006            9.77s
       418           0.2004            9.75s
       419           0.2003            9.74s
       420           0.2002            9.72s
       421           0.2001            9.70s
       422           0.2000            9.68s
       423           0.1999            9.66s
       424           0.1998            9.64s
       425           0.1997            9.62s
       426           0.1996            9.60s
       427           0.1994            9.59s
       428           0.1993            9.57s
       429           0.1992            9.54s
       430           0.1991            9.53s
       431           0.1990            9.51s
       432           0.1989            9.49s
       433           0.1988            9.48s
       434           0.1987            9.46s
       435           0.1986            9.43s
       436           0.1984            9.42s
       437           0.1983            9.39s
       438           0.1982            9.38s
       439           0.1981            9.36s
       440           0.1980            9.34s
       441           0.1979            9.32s
       442           0.1978            9.30s
       443           0.1977            9.28s
       444           0.1976            9.27s
       445           0.1975            9.25s
       446           0.1974            9.23s
       447           0.1972            9.22s
       448           0.1971            9.20s
       449           0.1970            9.18s
       450           0.1969            9.16s
       451           0.1968            9.14s
       452           0.1967            9.12s
       453           0.1966            9.10s
       454           0.1964            9.08s
       455           0.1963            9.08s
       456           0.1962            9.06s
       457           0.1961            9.05s
       458           0.1960            9.03s
       459           0.1959            9.01s
       460           0.1958            8.99s
       461           0.1957            8.97s
       462           0.1956            8.95s
       463           0.1955            8.94s
       464           0.1953            8.92s
       465           0.1952            8.90s
       466           0.1951            8.88s
       467           0.1950            8.87s
       468           0.1949            8.85s
       469           0.1948            8.83s
       470           0.1947            8.81s
       471           0.1946            8.79s
       472           0.1945            8.77s
       473           0.1944            8.76s
       474           0.1943            8.74s
       475           0.1942            8.73s
       476           0.1941            8.71s
       477           0.1940            8.70s
       478           0.1939            8.68s
       479           0.1938            8.66s
       480           0.1937            8.64s
       481           0.1936            8.62s
       482           0.1935            8.60s
       483           0.1934            8.59s
       484           0.1933            8.57s
       485           0.1931            8.55s
       486           0.1931            8.54s
       487           0.1929            8.52s
       488           0.1929            8.50s
       489           0.1928            8.48s
       490           0.1927            8.46s
       491           0.1926            8.45s
       492           0.1925            8.43s
       493           0.1924            8.41s
       494           0.1923            8.39s
       495           0.1922            8.37s
       496           0.1921            8.35s
       497           0.1920            8.34s
       498           0.1919            8.32s
       499           0.1918            8.30s
       500           0.1917            8.28s
       501           0.1916            8.27s
       502           0.1915            8.25s
       503           0.1914            8.23s
       504           0.1913            8.21s
       505           0.1913            8.19s
       506           0.1912            8.17s
       507           0.1911            8.15s
       508           0.1910            8.13s
       509           0.1909            8.12s
       510           0.1908            8.10s
       511           0.1907            8.08s
       512           0.1906            8.07s
       513           0.1905            8.05s
       514           0.1904            8.03s
       515           0.1903            8.01s
       516           0.1902            7.99s
       517           0.1901            7.99s
       518           0.1900            7.97s
       519           0.1899            7.95s
       520           0.1898            7.94s
       521           0.1897            7.92s
       522           0.1896            7.90s
       523           0.1895            7.88s
       524           0.1894            7.86s
       525           0.1893            7.85s
       526           0.1892            7.83s
       527           0.1891            7.81s
       528           0.1890            7.80s
       529           0.1889            7.78s
       530           0.1888            7.76s
       531           0.1887            7.74s
       532           0.1886            7.73s
       533           0.1885            7.71s
       534           0.1884            7.69s
       535           0.1883            7.68s
       536           0.1882            7.66s
       537           0.1881            7.64s
       538           0.1880            7.62s
       539           0.1879            7.61s
       540           0.1878            7.59s
       541           0.1877            7.57s
       542           0.1876            7.56s
       543           0.1875            7.55s
       544           0.1874            7.53s
       545           0.1873            7.51s
       546           0.1872            7.49s
       547           0.1871            7.47s
       548           0.1870            7.46s
       549           0.1869            7.44s
       550           0.1868            7.42s
       551           0.1867            7.40s
       552           0.1866            7.38s
       553           0.1865            7.37s
       554           0.1864            7.35s
       555           0.1863            7.34s
       556           0.1863            7.32s
       557           0.1861            7.30s
       558           0.1861            7.29s
       559           0.1860            7.27s
       560           0.1859            7.25s
       561           0.1858            7.24s
       562           0.1857            7.22s
       563           0.1856            7.20s
       564           0.1855            7.18s
       565           0.1854            7.16s
       566           0.1853            7.15s
       567           0.1853            7.13s
       568           0.1852            7.11s
       569           0.1850            7.10s
       570           0.1849            7.08s
       571           0.1849            7.06s
       572           0.1848            7.04s
       573           0.1847            7.03s
       574           0.1846            7.01s
       575           0.1845            6.99s
       576           0.1844            6.98s
       577           0.1843            6.96s
       578           0.1842            6.94s
       579           0.1841            6.92s
       580           0.1840            6.90s
       581           0.1840            6.89s
       582           0.1839            6.87s
       583           0.1837            6.85s
       584           0.1837            6.84s
       585           0.1836            6.82s
       586           0.1835            6.80s
       587           0.1834            6.78s
       588           0.1833            6.77s
       589           0.1833            6.75s
       590           0.1832            6.73s
       591           0.1831            6.71s
       592           0.1830            6.70s
       593           0.1829            6.68s
       594           0.1828            6.66s
       595           0.1827            6.64s
       596           0.1826            6.63s
       597           0.1825            6.61s
       598           0.1824            6.60s
       599           0.1823            6.58s
       600           0.1823            6.56s
       601           0.1822            6.54s
       602           0.1821            6.53s
       603           0.1820            6.51s
       604           0.1819            6.49s
       605           0.1818            6.48s
       606           0.1817            6.46s
       607           0.1816            6.44s
       608           0.1814            6.43s
       609           0.1813            6.41s
       610           0.1812            6.40s
       611           0.1812            6.38s
       612           0.1811            6.36s
       613           0.1810            6.35s
       614           0.1809            6.33s
       615           0.1808            6.31s
       616           0.1808            6.30s
       617           0.1807            6.28s
       618           0.1806            6.26s
       619           0.1805            6.24s
       620           0.1804            6.23s
       621           0.1803            6.21s
       622           0.1802            6.19s
       623           0.1801            6.18s
       624           0.1800            6.16s
       625           0.1799            6.14s
       626           0.1798            6.12s
       627           0.1798            6.11s
       628           0.1797            6.09s
       629           0.1796            6.07s
       630           0.1795            6.06s
       631           0.1794            6.04s
       632           0.1793            6.02s
       633           0.1792            6.01s
       634           0.1792            5.99s
       635           0.1791            5.98s
       636           0.1790            5.96s
       637           0.1789            5.94s
       638           0.1788            5.93s
       639           0.1788            5.91s
       640           0.1787            5.89s
       641           0.1786            5.88s
       642           0.1785            5.86s
       643           0.1784            5.84s
       644           0.1784            5.83s
       645           0.1783            5.81s
       646           0.1782            5.79s
       647           0.1781            5.77s
       648           0.1781            5.76s
       649           0.1780            5.74s
       650           0.1779            5.72s
       651           0.1778            5.71s
       652           0.1777            5.69s
       653           0.1777            5.67s
       654           0.1776            5.65s
       655           0.1775            5.64s
       656           0.1774            5.62s
       657           0.1774            5.60s
       658           0.1773            5.59s
       659           0.1772            5.57s
       660           0.1772            5.55s
       661           0.1771            5.54s
       662           0.1770            5.52s
       663           0.1769            5.50s
       664           0.1768            5.49s
       665           0.1768            5.47s
       666           0.1767            5.45s
       667           0.1766            5.44s
       668           0.1765            5.42s
       669           0.1765            5.40s
       670           0.1764            5.39s
       671           0.1764            5.37s
       672           0.1763            5.35s
       673           0.1762            5.33s
       674           0.1761            5.31s
       675           0.1760            5.30s
       676           0.1760            5.28s
       677           0.1760            5.26s
       678           0.1759            5.25s
       679           0.1758            5.23s
       680           0.1757            5.21s
       681           0.1757            5.19s
       682           0.1756            5.18s
       683           0.1755            5.16s
       684           0.1754            5.15s
       685           0.1754            5.13s
       686           0.1753            5.11s
       687           0.1752            5.10s
       688           0.1752            5.08s
       689           0.1751            5.06s
       690           0.1750            5.05s
       691           0.1750            5.03s
       692           0.1749            5.01s
       693           0.1748            4.99s
       694           0.1748            4.98s
       695           0.1747            4.96s
       696           0.1746            4.94s
       697           0.1745            4.93s
       698           0.1744            4.91s
       699           0.1743            4.89s
       700           0.1743            4.88s
       701           0.1742            4.86s
       702           0.1741            4.84s
       703           0.1740            4.83s
       704           0.1740            4.81s
       705           0.1739            4.79s
       706           0.1739            4.78s
       707           0.1738            4.76s
       708           0.1737            4.74s
       709           0.1737            4.73s
       710           0.1736            4.71s
       711           0.1736            4.69s
       712           0.1735            4.67s
       713           0.1734            4.66s
       714           0.1733            4.64s
       715           0.1732            4.63s
       716           0.1732            4.61s
       717           0.1731            4.59s
       718           0.1730            4.58s
       719           0.1730            4.56s
       720           0.1729            4.54s
       721           0.1728            4.53s
       722           0.1728            4.51s
       723           0.1727            4.49s
       724           0.1726            4.48s
       725           0.1725            4.46s
       726           0.1725            4.45s
       727           0.1724            4.43s
       728           0.1724            4.41s
       729           0.1723            4.40s
       730           0.1722            4.38s
       731           0.1722            4.36s
       732           0.1721            4.34s
       733           0.1720            4.33s
       734           0.1720            4.31s
       735           0.1719            4.29s
       736           0.1718            4.28s
       737           0.1718            4.26s
       738           0.1717            4.25s
       739           0.1716            4.23s
       740           0.1715            4.21s
       741           0.1715            4.19s
       742           0.1714            4.18s
       743           0.1714            4.16s
       744           0.1713            4.14s
       745           0.1712            4.13s
       746           0.1712            4.11s
       747           0.1711            4.09s
       748           0.1711            4.08s
       749           0.1710            4.06s
       750           0.1709            4.04s
       751           0.1709            4.03s
       752           0.1708            4.01s
       753           0.1707            4.00s
       754           0.1707            3.98s
       755           0.1706            3.96s
       756           0.1705            3.95s
       757           0.1704            3.93s
       758           0.1704            3.92s
       759           0.1703            3.90s
       760           0.1702            3.88s
       761           0.1702            3.87s
       762           0.1701            3.85s
       763           0.1700            3.83s
       764           0.1700            3.82s
       765           0.1699            3.80s
       766           0.1698            3.78s
       767           0.1698            3.77s
       768           0.1697            3.75s
       769           0.1696            3.73s
       770           0.1695            3.72s
       771           0.1695            3.70s
       772           0.1694            3.68s
       773           0.1694            3.67s
       774           0.1693            3.65s
       775           0.1693            3.63s
       776           0.1692            3.62s
       777           0.1691            3.60s
       778           0.1690            3.59s
       779           0.1690            3.57s
       780           0.1689            3.55s
       781           0.1689            3.54s
       782           0.1688            3.52s
       783           0.1687            3.50s
       784           0.1687            3.49s
       785           0.1686            3.47s
       786           0.1686            3.45s
       787           0.1686            3.44s
       788           0.1685            3.42s
       789           0.1684            3.40s
       790           0.1684            3.39s
       791           0.1683            3.37s
       792           0.1682            3.36s
       793           0.1681            3.34s
       794           0.1681            3.32s
       795           0.1680            3.31s
       796           0.1680            3.29s
       797           0.1679            3.27s
       798           0.1679            3.26s
       799           0.1678            3.24s
       800           0.1677            3.23s
       801           0.1677            3.21s
       802           0.1676            3.19s
       803           0.1676            3.18s
       804           0.1675            3.16s
       805           0.1674            3.14s
       806           0.1674            3.13s
       807           0.1673            3.11s
       808           0.1672            3.09s
       809           0.1672            3.08s
       810           0.1671            3.06s
       811           0.1671            3.05s
       812           0.1670            3.03s
       813           0.1669            3.01s
       814           0.1669            3.00s
       815           0.1668            2.98s
       816           0.1668            2.96s
       817           0.1667            2.95s
       818           0.1667            2.93s
       819           0.1666            2.92s
       820           0.1666            2.90s
       821           0.1665            2.88s
       822           0.1665            2.87s
       823           0.1664            2.85s
       824           0.1663            2.83s
       825           0.1663            2.82s
       826           0.1662            2.80s
       827           0.1661            2.78s
       828           0.1661            2.77s
       829           0.1660            2.75s
       830           0.1659            2.73s
       831           0.1659            2.72s
       832           0.1658            2.70s
       833           0.1657            2.69s
       834           0.1657            2.67s
       835           0.1656            2.65s
       836           0.1656            2.64s
       837           0.1655            2.62s
       838           0.1654            2.61s
       839           0.1654            2.59s
       840           0.1653            2.57s
       841           0.1653            2.56s
       842           0.1652            2.54s
       843           0.1652            2.52s
       844           0.1651            2.51s
       845           0.1650            2.49s
       846           0.1650            2.48s
       847           0.1649            2.46s
       848           0.1649            2.44s
       849           0.1648            2.43s
       850           0.1648            2.41s
       851           0.1647            2.40s
       852           0.1646            2.38s
       853           0.1646            2.36s
       854           0.1645            2.35s
       855           0.1644            2.33s
       856           0.1644            2.31s
       857           0.1643            2.30s
       858           0.1643            2.28s
       859           0.1642            2.27s
       860           0.1641            2.25s
       861           0.1641            2.23s
       862           0.1640            2.22s
       863           0.1640            2.20s
       864           0.1639            2.19s
       865           0.1639            2.17s
       866           0.1638            2.15s
       867           0.1638            2.14s
       868           0.1637            2.12s
       869           0.1637            2.10s
       870           0.1636            2.09s
       871           0.1636            2.07s
       872           0.1635            2.06s
       873           0.1634            2.04s
       874           0.1634            2.02s
       875           0.1633            2.01s
       876           0.1632            1.99s
       877           0.1632            1.98s
       878           0.1631            1.96s
       879           0.1631            1.94s
       880           0.1630            1.93s
       881           0.1630            1.91s
       882           0.1629            1.89s
       883           0.1629            1.88s
       884           0.1628            1.86s
       885           0.1628            1.85s
       886           0.1628            1.83s
       887           0.1627            1.81s
       888           0.1626            1.80s
       889           0.1625            1.78s
       890           0.1625            1.76s
       891           0.1624            1.75s
       892           0.1623            1.73s
       893           0.1623            1.72s
       894           0.1623            1.70s
       895           0.1622            1.68s
       896           0.1622            1.67s
       897           0.1621            1.65s
       898           0.1621            1.63s
       899           0.1620            1.62s
       900           0.1620            1.60s
       901           0.1619            1.59s
       902           0.1619            1.57s
       903           0.1619            1.55s
       904           0.1618            1.54s
       905           0.1618            1.52s
       906           0.1617            1.50s
       907           0.1617            1.49s
       908           0.1616            1.47s
       909           0.1616            1.46s
       910           0.1615            1.44s
       911           0.1615            1.42s
       912           0.1614            1.41s
       913           0.1614            1.39s
       914           0.1613            1.37s
       915           0.1613            1.36s
       916           0.1612            1.34s
       917           0.1612            1.33s
       918           0.1611            1.31s
       919           0.1611            1.29s
       920           0.1611            1.28s
       921           0.1610            1.26s
       922           0.1610            1.25s
       923           0.1609            1.23s
       924           0.1609            1.21s
       925           0.1608            1.20s
       926           0.1608            1.18s
       927           0.1607            1.17s
       928           0.1607            1.15s
       929           0.1606            1.13s
       930           0.1606            1.12s
       931           0.1605            1.10s
       932           0.1605            1.09s
       933           0.1604            1.07s
       934           0.1604            1.05s
       935           0.1603            1.04s
       936           0.1603            1.02s
       937           0.1602            1.01s
       938           0.1602            0.99s
       939           0.1602            0.97s
       940           0.1601            0.96s
       941           0.1601            0.94s
       942           0.1600            0.93s
       943           0.1600            0.91s
       944           0.1600            0.89s
       945           0.1599            0.88s
       946           0.1598            0.86s
       947           0.1598            0.85s
       948           0.1597            0.83s
       949           0.1597            0.81s
       950           0.1596            0.80s
       951           0.1596            0.78s
       952           0.1595            0.77s
       953           0.1595            0.75s
       954           0.1595            0.73s
       955           0.1594            0.72s
       956           0.1593            0.70s
       957           0.1593            0.69s
       958           0.1593            0.67s
       959           0.1592            0.65s
       960           0.1592            0.64s
       961           0.1592            0.62s
       962           0.1591            0.61s
       963           0.1591            0.59s
       964           0.1591            0.57s
       965           0.1590            0.56s
       966           0.1590            0.54s
       967           0.1589            0.53s
       968           0.1589            0.51s
       969           0.1588            0.49s
       970           0.1588            0.48s
       971           0.1588            0.46s
       972           0.1587            0.45s
       973           0.1587            0.43s
       974           0.1586            0.41s
       975           0.1585            0.40s
       976           0.1585            0.38s
       977           0.1585            0.37s
       978           0.1584            0.35s
       979           0.1584            0.33s
       980           0.1583            0.32s
       981           0.1583            0.30s
       982           0.1582            0.29s
       983           0.1582            0.27s
       984           0.1581            0.25s
       985           0.1581            0.24s
       986           0.1581            0.22s
       987           0.1580            0.21s
       988           0.1580            0.19s
       989           0.1580            0.17s
       990           0.1579            0.16s
       991           0.1579            0.14s
       992           0.1578            0.13s
       993           0.1578            0.11s
       994           0.1578            0.10s
       995           0.1577            0.08s
       996           0.1577            0.06s
       997           0.1577            0.05s
       998           0.1576            0.03s
       999           0.1576            0.02s
      1000           0.1575            0.00s
Saving model /Users/ef/Dropbox/westnile2015/final_code/west-niles-virus-r/../data/output-py/gbc_01/gbc_01_k_4_tr.csv.pkl
Train time: 16 s
Predicting : /Users/ef/Dropbox/westnile2015/final_code/west-niles-virus-r/../data/output-py/gbc_01/gbc_01_k_4_test.csv to /Users/ef/Dropbox/westnile2015/final_code/west-niles-virus-r/../data/output-py/gbc_01/gbc_01_k_4_test_pred.csv
Loading /Users/ef/Dropbox/westnile2015/final_code/west-niles-virus-r/../data/output-py/gbc_01/gbc_01_k_4_test.csv raw file
Saving /Users/ef/Dropbox/westnile2015/final_code/west-niles-virus-r/../data/output-py/gbc_01/gbc_01_k_4_test.csv.bin.pkl cache file
Feature importances:
                Features  Importance
1              Longitude    0.123177
2                   Trap    0.116248
3            SpeciesTree    0.112011
4               Latitude    0.092393
5                  Block    0.071401
6       TrapCountPrevAge    0.056590
7   PrecipTotalSt2Smth02    0.053927
8              TrapCount    0.041508
9   PrecipTotalSt1Smth02    0.038045
10         TrapCountPrev    0.027850
11            SunriseSt1    0.026301
12       AddressAccuracy    0.024172
13             SunsetSt1    0.023531
14     DewPointSt1Smth02    0.018680
15     DewPointSt2Smth02    0.016664
16         HeatSt1Smth02    0.015978
17         TmaxSt2Smth02    0.015371
18       DepartSt1Smth02    0.015052
19    ResultDirSt1Smth02    0.014936
20    ResultDirSt2Smth02    0.014523
21         CoolSt1Smth02    0.014335
22         TmaxSt1Smth02    0.014060
23         TavgSt1Smth02    0.010728
24         TminSt2Smth02    0.010267
25         TavgSt2Smth02    0.010221
26         TminSt1Smth02    0.009342
27                 Month    0.006447
28                  Year    0.006246
29     SnowFallSt1Smth02    0.000000
Predict time: 0 s
Total time: 16 s
