Start: 2015-06-22_00-09-07 
  Size       AUC
1 2054 0.7665577
elapsed 
 21.417 
': False, 'model_file': '/Users/ef/Dropbox/westnile2015/final_code/west-niles-virus-r/../data/output-py/gbc_01/gbc_01_k_3_tr.csv.pkl', 'bootstrap_seed': None, 'test_data_file': '/Users/ef/Dropbox/westnile2015/final_code/west-niles-virus-r/../data/output-py/gbc_01/gbc_01_k_3_test.csv', 'train_filter': {}, 'test_metric': 'auc', 'test_pred_file': '/Users/ef/Dropbox/westnile2015/final_code/west-niles-virus-r/../data/output-py/gbc_01/gbc_01_k_3_test_pred.csv', 'model_type': 'GradientBoostingClassifier', 'load_model': False, 'test_data_file2': None, 'load_type': 'fit_more', 'test_pred_file2': None, 'skip_mapping': True, 'fit_args': {'loss': 'deviance', 'verbose': 50, 'learning_rate': 0.0035, 'n_estimators': 1000, 'subsample': 1, 'random_state': 788942, 'max_features': 8, 'max_depth': 7}, 'metric_type': 'auto', 'weight_col': None, 'train_data_file': '/Users/ef/Dropbox/westnile2015/final_code/west-niles-virus-r/../data/output-py/gbc_01/gbc_01_k_3_tr.csv', 'na_fill_value': -20000}
Loading /Users/ef/Dropbox/westnile2015/final_code/west-niles-virus-r/../data/output-py/gbc_01/gbc_01_k_3_tr.csv raw file
Saving /Users/ef/Dropbox/westnile2015/final_code/west-niles-virus-r/../data/output-py/gbc_01/gbc_01_k_3_tr.csv.bin.pkl cache file
Train has 8251 instances (was 8251 before filtering)
      Iter       Train Loss   Remaining Time 
         1           0.4519           22.97s
         2           0.4505           19.52s
         3           0.4491           18.04s
         4           0.4479           17.53s
         5           0.4469           16.83s
         6           0.4457           16.54s
         7           0.4444           16.54s
         8           0.4433           16.43s
         9           0.4422           16.30s
        10           0.4410           16.47s
        11           0.4399           16.40s
        12           0.4388           16.26s
        13           0.4378           16.40s
        14           0.4368           16.23s
        15           0.4357           16.25s
        16           0.4345           16.23s
        17           0.4335           16.23s
        18           0.4325           16.27s
        19           0.4316           16.35s
        20           0.4306           16.40s
        21           0.4295           16.53s
        22           0.4285           16.64s
        23           0.4275           16.71s
        24           0.4266           16.79s
        25           0.4257           16.79s
        26           0.4249           16.95s
        27           0.4240           17.09s
        28           0.4232           17.37s
        29           0.4222           17.49s
        30           0.4214           17.43s
        31           0.4206           17.44s
        32           0.4196           17.53s
        33           0.4188           17.64s
        34           0.4180           17.58s
        35           0.4172           17.51s
        36           0.4163           17.44s
        37           0.4154           17.39s
        38           0.4146           17.41s
        39           0.4138           17.31s
        40           0.4131           17.24s
        41           0.4123           17.21s
        42           0.4114           17.14s
        43           0.4107           17.11s
        44           0.4100           17.03s
        45           0.4092           16.98s
        46           0.4085           16.92s
        47           0.4077           16.88s
        48           0.4069           16.83s
        49           0.4062           16.79s
        50           0.4054           16.74s
        51           0.4048           16.73s
        52           0.4041           16.69s
        53           0.4034           16.66s
        54           0.4026           16.63s
        55           0.4019           16.61s
        56           0.4012           16.55s
        57           0.4005           16.49s
        58           0.3998           16.48s
        59           0.3991           16.46s
        60           0.3984           16.45s
        61           0.3978           16.40s
        62           0.3970           16.36s
        63           0.3963           16.32s
        64           0.3956           16.29s
        65           0.3949           16.28s
        66           0.3943           16.26s
        67           0.3937           16.24s
        68           0.3931           16.19s
        69           0.3925           16.18s
        70           0.3918           16.14s
        71           0.3912           16.12s
        72           0.3906           16.11s
        73           0.3900           16.09s
        74           0.3894           16.07s
        75           0.3887           16.06s
        76           0.3882           16.03s
        77           0.3876           15.99s
        78           0.3870           15.96s
        79           0.3864           15.94s
        80           0.3858           15.94s
        81           0.3851           15.92s
        82           0.3845           15.90s
        83           0.3838           15.89s
        84           0.3833           15.86s
        85           0.3827           15.84s
        86           0.3822           15.81s
        87           0.3817           15.79s
        88           0.3812           15.77s
        89           0.3807           15.75s
        90           0.3802           15.73s
        91           0.3796           15.72s
        92           0.3791           15.70s
        93           0.3786           15.66s
        94           0.3780           15.65s
        95           0.3775           15.61s
        96           0.3769           15.59s
        97           0.3764           15.56s
        98           0.3759           15.57s
        99           0.3753           15.55s
       100           0.3748           15.54s
       101           0.3744           15.51s
       102           0.3738           15.50s
       103           0.3733           15.48s
       104           0.3728           15.47s
       105           0.3723           15.45s
       106           0.3717           15.44s
       107           0.3713           15.42s
       108           0.3707           15.41s
       109           0.3702           15.40s
       110           0.3698           15.37s
       111           0.3692           15.36s
       112           0.3688           15.34s
       113           0.3683           15.34s
       114           0.3679           15.31s
       115           0.3674           15.30s
       116           0.3669           15.28s
       117           0.3665           15.29s
       118           0.3660           15.29s
       119           0.3656           15.34s
       120           0.3651           15.36s
       121           0.3647           15.34s
       122           0.3642           15.35s
       123           0.3637           15.34s
       124           0.3633           15.36s
       125           0.3628           15.35s
       126           0.3624           15.35s
       127           0.3620           15.33s
       128           0.3615           15.35s
       129           0.3611           15.36s
       130           0.3606           15.38s
       131           0.3601           15.37s
       132           0.3597           15.38s
       133           0.3592           15.37s
       134           0.3588           15.35s
       135           0.3584           15.33s
       136           0.3579           15.31s
       137           0.3575           15.30s
       138           0.3571           15.27s
       139           0.3566           15.26s
       140           0.3562           15.25s
       141           0.3559           15.23s
       142           0.3554           15.21s
       143           0.3550           15.21s
       144           0.3546           15.19s
       145           0.3542           15.16s
       146           0.3537           15.14s
       147           0.3533           15.13s
       148           0.3529           15.11s
       149           0.3525           15.09s
       150           0.3521           15.07s
       151           0.3517           15.06s
       152           0.3514           15.04s
       153           0.3510           15.02s
       154           0.3506           15.00s
       155           0.3502           14.98s
       156           0.3498           14.96s
       157           0.3494           14.95s
       158           0.3490           14.93s
       159           0.3486           14.91s
       160           0.3482           14.89s
       161           0.3478           14.88s
       162           0.3474           14.87s
       163           0.3471           14.85s
       164           0.3467           14.83s
       165           0.3464           14.81s
       166           0.3460           14.81s
       167           0.3457           14.84s
       168           0.3453           14.84s
       169           0.3450           14.86s
       170           0.3446           14.89s
       171           0.3443           14.88s
       172           0.3440           14.89s
       173           0.3436           14.89s
       174           0.3432           14.90s
       175           0.3429           14.89s
       176           0.3425           14.87s
       177           0.3422           14.86s
       178           0.3419           14.84s
       179           0.3416           14.82s
       180           0.3412           14.81s
       181           0.3409           14.79s
       182           0.3405           14.79s
       183           0.3402           14.78s
       184           0.3399           14.75s
       185           0.3396           14.73s
       186           0.3393           14.71s
       187           0.3390           14.70s
       188           0.3386           14.68s
       189           0.3383           14.66s
       190           0.3380           14.64s
       191           0.3377           14.61s
       192           0.3374           14.60s
       193           0.3371           14.59s
       194           0.3368           14.57s
       195           0.3364           14.55s
       196           0.3361           14.54s
       197           0.3358           14.52s
       198           0.3355           14.49s
       199           0.3352           14.48s
       200           0.3348           14.45s
       201           0.3346           14.43s
       202           0.3342           14.42s
       203           0.3339           14.40s
       204           0.3336           14.39s
       205           0.3332           14.37s
       206           0.3329           14.34s
       207           0.3326           14.32s
       208           0.3323           14.29s
       209           0.3320           14.27s
       210           0.3318           14.25s
       211           0.3315           14.23s
       212           0.3312           14.21s
       213           0.3308           14.19s
       214           0.3306           14.17s
       215           0.3303           14.16s
       216           0.3300           14.16s
       217           0.3297           14.14s
       218           0.3294           14.13s
       219           0.3291           14.10s
       220           0.3288           14.10s
       221           0.3285           14.10s
       222           0.3282           14.10s
       223           0.3279           14.08s
       224           0.3277           14.07s
       225           0.3274           14.06s
       226           0.3271           14.04s
       227           0.3268           14.02s
       228           0.3266           14.01s
       229           0.3263           13.99s
       230           0.3260           13.98s
       231           0.3257           13.97s
       232           0.3254           13.95s
       233           0.3251           13.93s
       234           0.3248           13.91s
       235           0.3246           13.90s
       236           0.3243           13.88s
       237           0.3240           13.87s
       238           0.3238           13.84s
       239           0.3235           13.83s
       240           0.3232           13.81s
       241           0.3229           13.79s
       242           0.3226           13.79s
       243           0.3224           13.78s
       244           0.3220           13.78s
       245           0.3218           13.77s
       246           0.3215           13.76s
       247           0.3212           13.74s
       248           0.3210           13.72s
       249           0.3207           13.70s
       250           0.3205           13.69s
       251           0.3203           13.67s
       252           0.3200           13.65s
       253           0.3198           13.64s
       254           0.3195           13.62s
       255           0.3192           13.61s
       256           0.3189           13.60s
       257           0.3187           13.60s
       258           0.3184           13.59s
       259           0.3182           13.58s
       260           0.3179           13.57s
       261           0.3177           13.57s
       262           0.3174           13.56s
       263           0.3171           13.56s
       264           0.3169           13.55s
       265           0.3166           13.54s
       266           0.3164           13.53s
       267           0.3162           13.51s
       268           0.3160           13.49s
       269           0.3157           13.47s
       270           0.3155           13.45s
       271           0.3151           13.43s
       272           0.3149           13.41s
       273           0.3147           13.39s
       274           0.3145           13.38s
       275           0.3143           13.36s
       276           0.3140           13.34s
       277           0.3138           13.32s
       278           0.3136           13.30s
       279           0.3133           13.29s
       280           0.3131           13.26s
       281           0.3129           13.24s
       282           0.3127           13.22s
       283           0.3125           13.20s
       284           0.3123           13.19s
       285           0.3120           13.17s
       286           0.3118           13.16s
       287           0.3116           13.14s
       288           0.3114           13.12s
       289           0.3112           13.10s
       290           0.3110           13.08s
       291           0.3108           13.06s
       292           0.3105           13.05s
       293           0.3103           13.03s
       294           0.3100           13.01s
       295           0.3098           13.00s
       296           0.3096           12.98s
       297           0.3093           12.96s
       298           0.3092           12.94s
       299           0.3089           12.92s
       300           0.3087           12.90s
       301           0.3085           12.88s
       302           0.3083           12.86s
       303           0.3081           12.84s
       304           0.3079           12.83s
       305           0.3077           12.82s
       306           0.3074           12.81s
       307           0.3072           12.79s
       308           0.3070           12.78s
       309           0.3067           12.77s
       310           0.3065           12.77s
       311           0.3063           12.76s
       312           0.3061           12.75s
       313           0.3059           12.74s
       314           0.3057           12.72s
       315           0.3055           12.71s
       316           0.3053           12.69s
       317           0.3051           12.67s
       318           0.3049           12.65s
       319           0.3047           12.63s
       320           0.3044           12.62s
       321           0.3042           12.60s
       322           0.3040           12.58s
       323           0.3038           12.56s
       324           0.3036           12.55s
       325           0.3034           12.52s
       326           0.3032           12.50s
       327           0.3030           12.49s
       328           0.3028           12.47s
       329           0.3026           12.45s
       330           0.3024           12.43s
       331           0.3022           12.42s
       332           0.3020           12.40s
       333           0.3018           12.38s
       334           0.3016           12.37s
       335           0.3014           12.35s
       336           0.3012           12.33s
       337           0.3010           12.32s
       338           0.3008           12.30s
       339           0.3006           12.28s
       340           0.3004           12.26s
       341           0.3002           12.24s
       342           0.3000           12.22s
       343           0.2998           12.20s
       344           0.2997           12.18s
       345           0.2994           12.17s
       346           0.2993           12.15s
       347           0.2990           12.14s
       348           0.2988           12.12s
       349           0.2987           12.10s
       350           0.2984           12.08s
       351           0.2983           12.06s
       352           0.2981           12.05s
       353           0.2979           12.05s
       354           0.2977           12.03s
       355           0.2975           12.01s
       356           0.2973           12.00s
       357           0.2971           11.99s
       358           0.2969           11.97s
       359           0.2968           11.96s
       360           0.2966           11.94s
       361           0.2964           11.92s
       362           0.2962           11.90s
       363           0.2960           11.88s
       364           0.2958           11.86s
       365           0.2957           11.84s
       366           0.2955           11.82s
       367           0.2953           11.81s
       368           0.2951           11.79s
       369           0.2949           11.78s
       370           0.2947           11.76s
       371           0.2946           11.74s
       372           0.2944           11.72s
       373           0.2942           11.70s
       374           0.2941           11.68s
       375           0.2939           11.66s
       376           0.2937           11.64s
       377           0.2935           11.63s
       378           0.2934           11.61s
       379           0.2932           11.59s
       380           0.2930           11.57s
       381           0.2928           11.55s
       382           0.2927           11.54s
       383           0.2925           11.52s
       384           0.2923           11.50s
       385           0.2922           11.48s
       386           0.2920           11.46s
       387           0.2918           11.44s
       388           0.2916           11.42s
       389           0.2914           11.42s
       390           0.2913           11.41s
       391           0.2911           11.39s
       392           0.2909           11.38s
       393           0.2907           11.37s
       394           0.2905           11.35s
       395           0.2903           11.33s
       396           0.2901           11.31s
       397           0.2900           11.29s
       398           0.2898           11.28s
       399           0.2896           11.26s
       400           0.2895           11.25s
       401           0.2893           11.23s
       402           0.2891           11.21s
       403           0.2890           11.20s
       404           0.2888           11.18s
       405           0.2887           11.16s
       406           0.2885           11.14s
       407           0.2883           11.13s
       408           0.2882           11.11s
       409           0.2880           11.09s
       410           0.2878           11.07s
       411           0.2876           11.05s
       412           0.2875           11.03s
       413           0.2873           11.02s
       414           0.2872           11.00s
       415           0.2870           10.98s
       416           0.2868           10.97s
       417           0.2867           10.95s
       418           0.2865           10.94s
       419           0.2864           10.92s
       420           0.2862           10.90s
       421           0.2861           10.88s
       422           0.2859           10.86s
       423           0.2858           10.85s
       424           0.2856           10.83s
       425           0.2855           10.81s
       426           0.2853           10.79s
       427           0.2851           10.78s
       428           0.2850           10.76s
       429           0.2848           10.75s
       430           0.2846           10.73s
       431           0.2845           10.72s
       432           0.2843           10.69s
       433           0.2842           10.68s
       434           0.2840           10.66s
       435           0.2839           10.65s
       436           0.2837           10.63s
       437           0.2835           10.62s
       438           0.2834           10.60s
       439           0.2832           10.58s
       440           0.2830           10.57s
       441           0.2829           10.55s
       442           0.2827           10.53s
       443           0.2826           10.52s
       444           0.2824           10.50s
       445           0.2823           10.49s
       446           0.2821           10.47s
       447           0.2819           10.45s
       448           0.2818           10.44s
       449           0.2816           10.43s
       450           0.2814           10.41s
       451           0.2813           10.39s
       452           0.2811           10.38s
       453           0.2810           10.36s
       454           0.2808           10.34s
       455           0.2807           10.33s
       456           0.2805           10.31s
       457           0.2803           10.29s
       458           0.2802           10.27s
       459           0.2800           10.26s
       460           0.2799           10.24s
       461           0.2797           10.22s
       462           0.2796           10.20s
       463           0.2795           10.19s
       464           0.2793           10.17s
       465           0.2791           10.15s
       466           0.2790           10.13s
       467           0.2789           10.11s
       468           0.2787           10.09s
       469           0.2786           10.07s
       470           0.2784           10.06s
       471           0.2783           10.04s
       472           0.2782           10.02s
       473           0.2780           10.01s
       474           0.2779            9.99s
       475           0.2777            9.97s
       476           0.2776            9.95s
       477           0.2774            9.94s
       478           0.2773            9.92s
       479           0.2771            9.90s
       480           0.2770            9.88s
       481           0.2768            9.86s
       482           0.2767            9.84s
       483           0.2766            9.82s
       484           0.2764            9.80s
       485           0.2763            9.79s
       486           0.2761            9.77s
       487           0.2760            9.75s
       488           0.2758            9.73s
       489           0.2757            9.72s
       490           0.2755            9.70s
       491           0.2754            9.68s
       492           0.2753            9.66s
       493           0.2752            9.64s
       494           0.2750            9.62s
       495           0.2749            9.60s
       496           0.2747            9.59s
       497           0.2746            9.57s
       498           0.2745            9.55s
       499           0.2744            9.53s
       500           0.2742            9.51s
       501           0.2741            9.49s
       502           0.2740            9.47s
       503           0.2739            9.45s
       504           0.2738            9.43s
       505           0.2736            9.42s
       506           0.2734            9.40s
       507           0.2733            9.38s
       508           0.2732            9.36s
       509           0.2731            9.34s
       510           0.2729            9.32s
       511           0.2728            9.30s
       512           0.2726            9.29s
       513           0.2725            9.27s
       514           0.2724            9.26s
       515           0.2723            9.24s
       516           0.2721            9.22s
       517           0.2720            9.20s
       518           0.2719            9.18s
       519           0.2717            9.16s
       520           0.2716            9.14s
       521           0.2715            9.13s
       522           0.2713            9.11s
       523           0.2712            9.09s
       524           0.2711            9.07s
       525           0.2710            9.05s
       526           0.2708            9.03s
       527           0.2707            9.01s
       528           0.2706            8.99s
       529           0.2705            8.97s
       530           0.2703            8.96s
       531           0.2702            8.94s
       532           0.2701            8.92s
       533           0.2699            8.90s
       534           0.2698            8.88s
       535           0.2697            8.86s
       536           0.2696            8.84s
       537           0.2694            8.82s
       538           0.2693            8.80s
       539           0.2692            8.78s
       540           0.2691            8.76s
       541           0.2689            8.74s
       542           0.2688            8.72s
       543           0.2687            8.71s
       544           0.2685            8.69s
       545           0.2684            8.67s
       546           0.2683            8.65s
       547           0.2682            8.63s
       548           0.2681            8.61s
       549           0.2679            8.59s
       550           0.2678            8.57s
       551           0.2677            8.55s
       552           0.2676            8.53s
       553           0.2675            8.52s
       554           0.2673            8.50s
       555           0.2672            8.48s
       556           0.2671            8.46s
       557           0.2669            8.44s
       558           0.2669            8.42s
       559           0.2667            8.41s
       560           0.2666            8.39s
       561           0.2665            8.38s
       562           0.2663            8.36s
       563           0.2662            8.34s
       564           0.2661            8.33s
       565           0.2660            8.31s
       566           0.2658            8.29s
       567           0.2657            8.28s
       568           0.2656            8.26s
       569           0.2655            8.25s
       570           0.2653            8.23s
       571           0.2652            8.21s
       572           0.2651            8.19s
       573           0.2650            8.17s
       574           0.2649            8.15s
       575           0.2648            8.13s
       576           0.2647            8.11s
       577           0.2646            8.09s
       578           0.2645            8.07s
       579           0.2643            8.06s
       580           0.2642            8.04s
       581           0.2641            8.02s
       582           0.2640            8.00s
       583           0.2638            7.98s
       584           0.2637            7.96s
       585           0.2636            7.95s
       586           0.2635            7.93s
       587           0.2634            7.91s
       588           0.2633            7.89s
       589           0.2632            7.87s
       590           0.2630            7.85s
       591           0.2629            7.83s
       592           0.2628            7.81s
       593           0.2627            7.80s
       594           0.2626            7.78s
       595           0.2624            7.76s
       596           0.2624            7.74s
       597           0.2622            7.72s
       598           0.2621            7.70s
       599           0.2620            7.68s
       600           0.2619            7.66s
       601           0.2618            7.64s
       602           0.2617            7.63s
       603           0.2616            7.61s
       604           0.2615            7.59s
       605           0.2613            7.58s
       606           0.2612            7.56s
       607           0.2611            7.54s
       608           0.2610            7.52s
       609           0.2609            7.51s
       610           0.2608            7.49s
       611           0.2607            7.47s
       612           0.2606            7.45s
       613           0.2605            7.43s
       614           0.2604            7.41s
       615           0.2603            7.39s
       616           0.2602            7.37s
       617           0.2601            7.36s
       618           0.2600            7.34s
       619           0.2599            7.32s
       620           0.2597            7.30s
       621           0.2596            7.28s
       622           0.2595            7.26s
       623           0.2594            7.24s
       624           0.2592            7.23s
       625           0.2591            7.21s
       626           0.2590            7.19s
       627           0.2589            7.17s
       628           0.2588            7.15s
       629           0.2587            7.13s
       630           0.2586            7.12s
       631           0.2585            7.10s
       632           0.2584            7.08s
       633           0.2583            7.06s
       634           0.2582            7.04s
       635           0.2581            7.02s
       636           0.2580            7.00s
       637           0.2579            6.98s
       638           0.2578            6.97s
       639           0.2577            6.95s
       640           0.2576            6.93s
       641           0.2575            6.91s
       642           0.2574            6.89s
       643           0.2573            6.87s
       644           0.2572            6.86s
       645           0.2571            6.84s
       646           0.2570            6.83s
       647           0.2569            6.81s
       648           0.2568            6.79s
       649           0.2567            6.78s
       650           0.2566            6.76s
       651           0.2565            6.74s
       652           0.2564            6.73s
       653           0.2563            6.71s
       654           0.2562            6.69s
       655           0.2561            6.67s
       656           0.2560            6.65s
       657           0.2559            6.63s
       658           0.2558            6.61s
       659           0.2557            6.59s
       660           0.2556            6.57s
       661           0.2554            6.56s
       662           0.2553            6.54s
       663           0.2552            6.52s
       664           0.2551            6.50s
       665           0.2550            6.48s
       666           0.2549            6.46s
       667           0.2548            6.44s
       668           0.2547            6.42s
       669           0.2546            6.40s
       670           0.2545            6.38s
       671           0.2544            6.36s
       672           0.2543            6.35s
       673           0.2542            6.33s
       674           0.2542            6.31s
       675           0.2541            6.29s
       676           0.2539            6.27s
       677           0.2539            6.25s
       678           0.2537            6.23s
       679           0.2536            6.21s
       680           0.2536            6.19s
       681           0.2534            6.18s
       682           0.2534            6.16s
       683           0.2533            6.14s
       684           0.2532            6.12s
       685           0.2530            6.10s
       686           0.2530            6.08s
       687           0.2529            6.06s
       688           0.2528            6.04s
       689           0.2527            6.02s
       690           0.2526            6.00s
       691           0.2525            5.98s
       692           0.2524            5.97s
       693           0.2523            5.95s
       694           0.2522            5.93s
       695           0.2521            5.91s
       696           0.2520            5.89s
       697           0.2519            5.88s
       698           0.2519            5.86s
       699           0.2517            5.84s
       700           0.2516            5.82s
       701           0.2515            5.81s
       702           0.2514            5.79s
       703           0.2513            5.77s
       704           0.2512            5.75s
       705           0.2511            5.73s
       706           0.2510            5.71s
       707           0.2509            5.69s
       708           0.2508            5.67s
       709           0.2507            5.65s
       710           0.2506            5.63s
       711           0.2505            5.62s
       712           0.2504            5.60s
       713           0.2503            5.58s
       714           0.2502            5.56s
       715           0.2502            5.54s
       716           0.2501            5.52s
       717           0.2500            5.50s
       718           0.2499            5.48s
       719           0.2498            5.46s
       720           0.2497            5.44s
       721           0.2496            5.43s
       722           0.2495            5.41s
       723           0.2494            5.39s
       724           0.2493            5.37s
       725           0.2492            5.35s
       726           0.2491            5.33s
       727           0.2490            5.31s
       728           0.2489            5.29s
       729           0.2488            5.27s
       730           0.2487            5.25s
       731           0.2487            5.24s
       732           0.2486            5.22s
       733           0.2485            5.20s
       734           0.2484            5.18s
       735           0.2483            5.16s
       736           0.2482            5.14s
       737           0.2481            5.12s
       738           0.2480            5.10s
       739           0.2480            5.08s
       740           0.2478            5.07s
       741           0.2478            5.05s
       742           0.2477            5.03s
       743           0.2476            5.01s
       744           0.2475            4.99s
       745           0.2474            4.97s
       746           0.2474            4.95s
       747           0.2473            4.93s
       748           0.2472            4.91s
       749           0.2471            4.89s
       750           0.2470            4.87s
       751           0.2469            4.85s
       752           0.2469            4.84s
       753           0.2468            4.81s
       754           0.2467            4.80s
       755           0.2466            4.78s
       756           0.2465            4.76s
       757           0.2464            4.74s
       758           0.2463            4.72s
       759           0.2462            4.70s
       760           0.2462            4.68s
       761           0.2461            4.66s
       762           0.2460            4.64s
       763           0.2459            4.62s
       764           0.2458            4.60s
       765           0.2457            4.58s
       766           0.2456            4.56s
       767           0.2456            4.54s
       768           0.2455            4.53s
       769           0.2454            4.51s
       770           0.2453            4.49s
       771           0.2452            4.47s
       772           0.2451            4.45s
       773           0.2450            4.43s
       774           0.2449            4.41s
       775           0.2448            4.39s
       776           0.2447            4.38s
       777           0.2447            4.36s
       778           0.2446            4.34s
       779           0.2445            4.32s
       780           0.2444            4.30s
       781           0.2443            4.28s
       782           0.2442            4.26s
       783           0.2441            4.24s
       784           0.2441            4.22s
       785           0.2440            4.20s
       786           0.2439            4.18s
       787           0.2438            4.16s
       788           0.2438            4.14s
       789           0.2437            4.12s
       790           0.2436            4.10s
       791           0.2435            4.09s
       792           0.2434            4.07s
       793           0.2433            4.05s
       794           0.2433            4.03s
       795           0.2432            4.01s
       796           0.2431            3.99s
       797           0.2430            3.97s
       798           0.2429            3.95s
       799           0.2429            3.93s
       800           0.2428            3.91s
       801           0.2427            3.89s
       802           0.2426            3.87s
       803           0.2426            3.85s
       804           0.2425            3.83s
       805           0.2424            3.82s
       806           0.2423            3.80s
       807           0.2422            3.78s
       808           0.2421            3.76s
       809           0.2420            3.74s
       810           0.2420            3.72s
       811           0.2419            3.70s
       812           0.2418            3.68s
       813           0.2417            3.67s
       814           0.2416            3.65s
       815           0.2416            3.63s
       816           0.2415            3.61s
       817           0.2414            3.59s
       818           0.2413            3.57s
       819           0.2412            3.55s
       820           0.2411            3.53s
       821           0.2411            3.51s
       822           0.2410            3.49s
       823           0.2409            3.47s
       824           0.2408            3.45s
       825           0.2407            3.43s
       826           0.2407            3.41s
       827           0.2406            3.39s
       828           0.2405            3.37s
       829           0.2404            3.35s
       830           0.2403            3.34s
       831           0.2403            3.32s
       832           0.2401            3.30s
       833           0.2401            3.28s
       834           0.2400            3.26s
       835           0.2399            3.24s
       836           0.2398            3.22s
       837           0.2397            3.20s
       838           0.2396            3.18s
       839           0.2396            3.16s
       840           0.2395            3.14s
       841           0.2395            3.12s
       842           0.2394            3.10s
       843           0.2393            3.08s
       844           0.2392            3.06s
       845           0.2392            3.04s
       846           0.2391            3.02s
       847           0.2390            3.00s
       848           0.2390            2.98s
       849           0.2389            2.96s
       850           0.2388            2.94s
       851           0.2387            2.92s
       852           0.2387            2.90s
       853           0.2386            2.88s
       854           0.2385            2.87s
       855           0.2385            2.85s
       856           0.2384            2.83s
       857           0.2383            2.81s
       858           0.2382            2.79s
       859           0.2381            2.77s
       860           0.2381            2.75s
       861           0.2380            2.73s
       862           0.2379            2.72s
       863           0.2378            2.70s
       864           0.2377            2.68s
       865           0.2377            2.66s
       866           0.2376            2.64s
       867           0.2375            2.62s
       868           0.2375            2.60s
       869           0.2374            2.58s
       870           0.2373            2.56s
       871           0.2372            2.54s
       872           0.2372            2.52s
       873           0.2371            2.50s
       874           0.2370            2.48s
       875           0.2370            2.46s
       876           0.2369            2.44s
       877           0.2369            2.42s
       878           0.2367            2.40s
       879           0.2366            2.38s
       880           0.2366            2.36s
       881           0.2365            2.35s
       882           0.2364            2.33s
       883           0.2364            2.31s
       884           0.2363            2.29s
       885           0.2363            2.27s
       886           0.2362            2.25s
       887           0.2362            2.23s
       888           0.2361            2.21s
       889           0.2360            2.19s
       890           0.2360            2.17s
       891           0.2359            2.15s
       892           0.2358            2.13s
       893           0.2358            2.11s
       894           0.2357            2.09s
       895           0.2356            2.07s
       896           0.2355            2.05s
       897           0.2354            2.03s
       898           0.2354            2.01s
       899           0.2353            1.99s
       900           0.2352            1.97s
       901           0.2352            1.95s
       902           0.2351            1.93s
       903           0.2350            1.91s
       904           0.2350            1.89s
       905           0.2349            1.87s
       906           0.2348            1.86s
       907           0.2347            1.84s
       908           0.2347            1.82s
       909           0.2346            1.80s
       910           0.2345            1.78s
       911           0.2345            1.76s
       912           0.2344            1.74s
       913           0.2343            1.72s
       914           0.2343            1.70s
       915           0.2342            1.68s
       916           0.2341            1.66s
       917           0.2340            1.64s
       918           0.2339            1.62s
       919           0.2338            1.60s
       920           0.2338            1.58s
       921           0.2337            1.56s
       922           0.2337            1.54s
       923           0.2336            1.52s
       924           0.2336            1.50s
       925           0.2335            1.48s
       926           0.2334            1.46s
       927           0.2334            1.44s
       928           0.2333            1.42s
       929           0.2333            1.40s
       930           0.2332            1.38s
       931           0.2332            1.36s
       932           0.2331            1.34s
       933           0.2331            1.32s
       934           0.2330            1.30s
       935           0.2330            1.28s
       936           0.2329            1.26s
       937           0.2329            1.24s
       938           0.2328            1.22s
       939           0.2328            1.21s
       940           0.2327            1.19s
       941           0.2326            1.17s
       942           0.2326            1.15s
       943           0.2325            1.13s
       944           0.2325            1.11s
       945           0.2324            1.09s
       946           0.2323            1.07s
       947           0.2323            1.05s
       948           0.2322            1.03s
       949           0.2321            1.01s
       950           0.2320            0.99s
       951           0.2320            0.97s
       952           0.2319            0.95s
       953           0.2318            0.93s
       954           0.2318            0.91s
       955           0.2317            0.89s
       956           0.2316            0.87s
       957           0.2316            0.85s
       958           0.2315            0.83s
       959           0.2314            0.81s
       960           0.2314            0.79s
       961           0.2313            0.77s
       962           0.2312            0.75s
       963           0.2312            0.73s
       964           0.2311            0.71s
       965           0.2310            0.69s
       966           0.2310            0.67s
       967           0.2309            0.65s
       968           0.2309            0.63s
       969           0.2308            0.61s
       970           0.2307            0.59s
       971           0.2306            0.57s
       972           0.2306            0.55s
       973           0.2305            0.53s
       974           0.2304            0.51s
       975           0.2304            0.49s
       976           0.2303            0.47s
       977           0.2302            0.45s
       978           0.2302            0.44s
       979           0.2301            0.42s
       980           0.2300            0.40s
       981           0.2300            0.38s
       982           0.2299            0.36s
       983           0.2298            0.34s
       984           0.2298            0.32s
       985           0.2297            0.30s
       986           0.2297            0.28s
       987           0.2296            0.26s
       988           0.2296            0.24s
       989           0.2295            0.22s
       990           0.2295            0.20s
       991           0.2294            0.18s
       992           0.2294            0.16s
       993           0.2293            0.14s
       994           0.2292            0.12s
       995           0.2292            0.10s
       996           0.2292            0.08s
       997           0.2291            0.06s
       998           0.2291            0.04s
       999           0.2290            0.02s
      1000           0.2290            0.00s
Saving model /Users/ef/Dropbox/westnile2015/final_code/west-niles-virus-r/../data/output-py/gbc_01/gbc_01_k_3_tr.csv.pkl
Train time: 19 s
Predicting : /Users/ef/Dropbox/westnile2015/final_code/west-niles-virus-r/../data/output-py/gbc_01/gbc_01_k_3_test.csv to /Users/ef/Dropbox/westnile2015/final_code/west-niles-virus-r/../data/output-py/gbc_01/gbc_01_k_3_test_pred.csv
Loading /Users/ef/Dropbox/westnile2015/final_code/west-niles-virus-r/../data/output-py/gbc_01/gbc_01_k_3_test.csv raw file
Saving /Users/ef/Dropbox/westnile2015/final_code/west-niles-virus-r/../data/output-py/gbc_01/gbc_01_k_3_test.csv.bin.pkl cache file
Feature importances:
                Features  Importance
1              Longitude    0.116704
2                   Trap    0.116551
3               Latitude    0.104851
4            SpeciesTree    0.089197
5                  Block    0.066577
6       TrapCountPrevAge    0.061716
7              TrapCount    0.037919
8             SunriseSt1    0.034911
9              SunsetSt1    0.033882
10  PrecipTotalSt1Smth02    0.027310
11         TrapCountPrev    0.027076
12  PrecipTotalSt2Smth02    0.025185
13         TminSt2Smth02    0.020894
14       AddressAccuracy    0.020007
15         TminSt1Smth02    0.019922
16       DepartSt1Smth02    0.017707
17         CoolSt1Smth02    0.017254
18     DewPointSt1Smth02    0.017138
19    ResultDirSt1Smth02    0.016884
20         HeatSt1Smth02    0.015572
21                  Year    0.015262
22         TavgSt1Smth02    0.014847
23         TavgSt2Smth02    0.014683
24    ResultDirSt2Smth02    0.014415
25         TmaxSt2Smth02    0.014393
26                 Month    0.013331
27         TmaxSt1Smth02    0.013315
28     DewPointSt2Smth02    0.012499
29     SnowFallSt1Smth02    0.000000
Predict time: 0 s
Total time: 20 s
